11-Dec-2018 00:50:23.445 Preparing to send SECS II message - 
S99F99 W
<L
	<I4 211>
	<U4 10001>
	<A "2DSRT-02">
	<A "9HI3711">
	<A "2DSRT-02_2018-12-11_00:50:23.429_513">
	<L
		<L
			<A "KeyID">
			<A "2DSRT-02_2018-12-11_00:50:23.429_513">
		>
		<L
			<A "LotID">
			<A "9HI3711">
		>
		<L
			<A "Device">
			<A "5900AB68">
		>
		<L
			<A "Package">
			<A "BOL">
		>
		<L
			<A "Leads">
			<A "769">
		>
		<L
			<A "Opn">
			<A "AM912CANN23ACCWABA">
		>
		<L
			<A "TestCode">
			<A>
		>
		<L
			<A "UnloadTime">
			<A>
		>
		<L
			<A "Rescreen">
			<A>
		>
		<L
			<A "Remarks">
			<A "Lot Start">
		>
		<L
			<A "TestProgram">
			<A "_">
		>
		<L
			<A "Operation">
			<A "8010">
		>
		<L
			<A "Qty">
			<A "1208">
		>
		<L
			<A "TestTemp">
			<A>
		>
		<L
			<A "LoadTime">
			<A "20181211005023429">
		>
	>
	<A "20181211005023429">
	<A "LOAD">
	<A "495311">
	<A "Lot Running">
>.

11-Dec-2018 00:50:23.445 HSMS length sent
 00 00 01 B0
11-Dec-2018 00:50:23.445 HSMS message sent
 00 0A E3 63 00 00 00 00 24 BB 01 0A 71 04 00 00 00 D3 B1 04
 00 00 27 11 41 08 32 44 53 52 54 2D 30 32 41 07 39 48 49 33
 37 31 31 41 24 32 44 53 52 54 2D 30 32 5F 32 30 31 38 2D 31
 32 2D 31 31 5F 30 30 3A 35 30 3A 32 33 2E 34 32 39 5F 35 31
 33 01 0F 01 02 41 05 4B 65 79 49 44 41 24 32 44 53 52 54 2D
 30 32 5F 32 30 31 38 2D 31 32 2D 31 31 5F 30 30 3A 35 30 3A
 32 33 2E 34 32 39 5F 35 31 33 01 02 41 05 4C 6F 74 49 44 41
 07 39 48 49 33 37 31 31 01 02 41 06 44 65 76 69 63 65 41 08
 35 39 30 30 41 42 36 38 01 02 41 07 50 61 63 6B 61 67 65 41
 03 42 4F 4C 01 02 41 05 4C 65 61 64 73 41 03 37 36 39 01 02
 41 03 4F 70 6E 41 12 41 4D 39 31 32 43 41 4E 4E 32 33 41 43
 43 57 41 42 41 01 02 41 08 54 65 73 74 43 6F 64 65 41 00 01
 02 41 0A 55 6E 6C 6F 61 64 54 69 6D 65 41 00 01 02 41 08 52
 65 73 63 72 65 65 6E 41 00 01 02 41 07 52 65 6D 61 72 6B 73
 41 09 4C 6F 74 20 53 74 61 72 74 01 02 41 0B 54 65 73 74 50
 72 6F 67 72 61 6D 41 01 5F 01 02 41 09 4F 70 65 72 61 74 69
 6F 6E 41 04 38 30 31 30 01 02 41 03 51 74 79 41 04 31 32 30
 38 01 02 41 08 54 65 73 74 54 65 6D 70 41 00 01 02 41 08 4C
 6F 61 64 54 69 6D 65 41 11 32 30 31 38 31 32 31 31 30 30 35
 30 32 33 34 32 39 41 11 32 30 31 38 31 32 31 31 30 30 35 30
 32 33 34 32 39 41 04 4C 4F 41 44 41 06 34 39 35 33 31 31 41
 0B 4C 6F 74 20 52 75 6E 6E 69 6E 67
11-Dec-2018 00:50:23.445 SECS message sent, system byte = 9403, device id = 10
11-Dec-2018 00:50:23.491 Received block (4 bytes)
 00 00 01 C2
11-Dec-2018 00:50:23.491 Received message length = 450
11-Dec-2018 00:50:23.491 Received block (450 bytes)
 00 0A 63 64 00 00 00 00 24 BB 01 0B 71 04 00 00 00 D3 B1 04
 00 00 00 00 41 08 32 44 53 52 54 2D 30 32 41 07 39 48 49 33
 37 31 31 41 24 32 44 53 52 54 2D 30 32 5F 32 30 31 38 2D 31
 32 2D 31 31 5F 30 30 3A 35 30 3A 32 33 2E 34 32 39 5F 35 31
 33 01 0F 01 02 41 05 4B 65 79 49 44 41 24 32 44 53 52 54 2D
 30 32 5F 32 30 31 38 2D 31 32 2D 31 31 5F 30 30 3A 35 30 3A
 32 33 2E 34 32 39 5F 35 31 33 01 02 41 05 4C 6F 74 49 44 41
 07 39 48 49 33 37 31 31 01 02 41 06 44 65 76 69 63 65 41 08
 35 39 30 30 41 42 36 38 01 02 41 07 50 61 63 6B 61 67 65 41
 03 42 4F 4C 01 02 41 05 4C 65 61 64 73 41 03 37 36 39 01 02
 41 03 4F 70 6E 41 12 41 4D 39 31 32 43 41 4E 4E 32 33 41 43
 43 57 41 42 41 01 02 41 08 54 65 73 74 43 6F 64 65 41 00 01
 02 41 0A 55 6E 6C 6F 61 64 54 69 6D 65 41 00 01 02 41 08 52
 65 73 63 72 65 65 6E 41 00 01 02 41 07 52 65 6D 61 72 6B 73
 41 09 4C 6F 74 20 53 74 61 72 74 01 02 41 0B 54 65 73 74 50
 72 6F 67 72 61 6D 41 01 5F 01 02 41 09 4F 70 65 72 61 74 69
 6F 6E 41 04 38 30 31 30 01 02 41 03 51 74 79 41 04 31 32 30
 38 01 02 41 08 54 65 73 74 54 65 6D 70 41 00 01 02 41 08 4C
 6F 61 64 54 69 6D 65 41 11 32 30 31 38 31 32 31 31 30 30 35
 30 32 33 34 32 39 41 11 32 30 31 38 31 32 31 31 30 30 35 30
 32 33 34 32 39 41 04 4C 4F 41 44 41 06 34 39 35 33 31 31 41
 0B 4C 6F 74 20 52 75 6E 6E 69 6E 67 41 10 32 30 31 38 31 32
 31 31 30 30 35 30 32 33 35 31
11-Dec-2018 00:50:23.491 Received expected secondary SECS message, system byte = 9403, device ID 10
S99F100
<L
	<I4 211>
	<U4 0>
	<A "2DSRT-02">
	<A "9HI3711">
	<A "2DSRT-02_2018-12-11_00:50:23.429_513">
	<L
		<L
			<A "KeyID">
			<A "2DSRT-02_2018-12-11_00:50:23.429_513">
		>
		<L
			<A "LotID">
			<A "9HI3711">
		>
		<L
			<A "Device">
			<A "5900AB68">
		>
		<L
			<A "Package">
			<A "BOL">
		>
		<L
			<A "Leads">
			<A "769">
		>
		<L
			<A "Opn">
			<A "AM912CANN23ACCWABA">
		>
		<L
			<A "TestCode">
			<A>
		>
		<L
			<A "UnloadTime">
			<A>
		>
		<L
			<A "Rescreen">
			<A>
		>
		<L
			<A "Remarks">
			<A "Lot Start">
		>
		<L
			<A "TestProgram">
			<A "_">
		>
		<L
			<A "Operation">
			<A "8010">
		>
		<L
			<A "Qty">
			<A "1208">
		>
		<L
			<A "TestTemp">
			<A>
		>
		<L
			<A "LoadTime">
			<A "20181211005023429">
		>
	>
	<A "20181211005023429">
	<A "LOAD">
	<A "495311">
	<A "Lot Running">
	<A "2018121100502351">
>.

11-Dec-2018 02:00:02.603 Preparing to send SECS II message - 
S99F99 W
<L
	<I4 211>
	<U4 10001>
	<A "2DSRT-02">
	<A "9HI3437">
	<A "2DSRT-02_2018-12-11_02:00:02.587_547">
	<L
		<L
			<A "KeyID">
			<A "2DSRT-02_2018-12-11_02:00:02.587_547">
		>
		<L
			<A "LotID">
			<A "9HI3437">
		>
		<L
			<A "Device">
			<A "9710AB97">
		>
		<L
			<A "Package">
			<A "BL2">
		>
		<L
			<A "Leads">
			<A "409">
		>
		<L
			<A "Opn">
			<A "DG5530GDA87IECAMDA">
		>
		<L
			<A "TestCode">
			<A>
		>
		<L
			<A "UnloadTime">
			<A>
		>
		<L
			<A "Rescreen">
			<A>
		>
		<L
			<A "Remarks">
			<A "Lot Start">
		>
		<L
			<A "TestProgram">
			<A "_">
		>
		<L
			<A "Operation">
			<A "8010">
		>
		<L
			<A "Qty">
			<A "667">
		>
		<L
			<A "TestTemp">
			<A>
		>
		<L
			<A "LoadTime">
			<A "20181211020002587">
		>
	>
	<A "20181211020002587">
	<A "LOAD">
	<A "495311">
	<A "Lot Running">
>.

11-Dec-2018 02:00:02.603 HSMS length sent
 00 00 01 AF
11-Dec-2018 02:00:02.603 HSMS message sent
 00 0A E3 63 00 00 00 00 24 BC 01 0A 71 04 00 00 00 D3 B1 04
 00 00 27 11 41 08 32 44 53 52 54 2D 30 32 41 07 39 48 49 33
 34 33 37 41 24 32 44 53 52 54 2D 30 32 5F 32 30 31 38 2D 31
 32 2D 31 31 5F 30 32 3A 30 30 3A 30 32 2E 35 38 37 5F 35 34
 37 01 0F 01 02 41 05 4B 65 79 49 44 41 24 32 44 53 52 54 2D
 30 32 5F 32 30 31 38 2D 31 32 2D 31 31 5F 30 32 3A 30 30 3A
 30 32 2E 35 38 37 5F 35 34 37 01 02 41 05 4C 6F 74 49 44 41
 07 39 48 49 33 34 33 37 01 02 41 06 44 65 76 69 63 65 41 08
 39 37 31 30 41 42 39 37 01 02 41 07 50 61 63 6B 61 67 65 41
 03 42 4C 32 01 02 41 05 4C 65 61 64 73 41 03 34 30 39 01 02
 41 03 4F 70 6E 41 12 44 47 35 35 33 30 47 44 41 38 37 49 45
 43 41 4D 44 41 01 02 41 08 54 65 73 74 43 6F 64 65 41 00 01
 02 41 0A 55 6E 6C 6F 61 64 54 69 6D 65 41 00 01 02 41 08 52
 65 73 63 72 65 65 6E 41 00 01 02 41 07 52 65 6D 61 72 6B 73
 41 09 4C 6F 74 20 53 74 61 72 74 01 02 41 0B 54 65 73 74 50
 72 6F 67 72 61 6D 41 01 5F 01 02 41 09 4F 70 65 72 61 74 69
 6F 6E 41 04 38 30 31 30 01 02 41 03 51 74 79 41 03 36 36 37
 01 02 41 08 54 65 73 74 54 65 6D 70 41 00 01 02 41 08 4C 6F
 61 64 54 69 6D 65 41 11 32 30 31 38 31 32 31 31 30 32 30 30
 30 32 35 38 37 41 11 32 30 31 38 31 32 31 31 30 32 30 30 30
 32 35 38 37 41 04 4C 4F 41 44 41 06 34 39 35 33 31 31 41 0B
 4C 6F 74 20 52 75 6E 6E 69 6E 67
11-Dec-2018 02:00:02.603 SECS message sent, system byte = 9404, device id = 10
11-Dec-2018 02:00:02.619 Received block (4 bytes)
 00 00 01 C1
11-Dec-2018 02:00:02.619 Received message length = 449
11-Dec-2018 02:00:02.619 Received block (449 bytes)
 00 0A 63 64 00 00 00 00 24 BC 01 0B 71 04 00 00 00 D3 B1 04
 00 00 00 00 41 08 32 44 53 52 54 2D 30 32 41 07 39 48 49 33
 34 33 37 41 24 32 44 53 52 54 2D 30 32 5F 32 30 31 38 2D 31
 32 2D 31 31 5F 30 32 3A 30 30 3A 30 32 2E 35 38 37 5F 35 34
 37 01 0F 01 02 41 05 4B 65 79 49 44 41 24 32 44 53 52 54 2D
 30 32 5F 32 30 31 38 2D 31 32 2D 31 31 5F 30 32 3A 30 30 3A
 30 32 2E 35 38 37 5F 35 34 37 01 02 41 05 4C 6F 74 49 44 41
 07 39 48 49 33 34 33 37 01 02 41 06 44 65 76 69 63 65 41 08
 39 37 31 30 41 42 39 37 01 02 41 07 50 61 63 6B 61 67 65 41
 03 42 4C 32 01 02 41 05 4C 65 61 64 73 41 03 34 30 39 01 02
 41 03 4F 70 6E 41 12 44 47 35 35 33 30 47 44 41 38 37 49 45
 43 41 4D 44 41 01 02 41 08 54 65 73 74 43 6F 64 65 41 00 01
 02 41 0A 55 6E 6C 6F 61 64 54 69 6D 65 41 00 01 02 41 08 52
 65 73 63 72 65 65 6E 41 00 01 02 41 07 52 65 6D 61 72 6B 73
 41 09 4C 6F 74 20 53 74 61 72 74 01 02 41 0B 54 65 73 74 50
 72 6F 67 72 61 6D 41 01 5F 01 02 41 09 4F 70 65 72 61 74 69
 6F 6E 41 04 38 30 31 30 01 02 41 03 51 74 79 41 03 36 36 37
 01 02 41 08 54 65 73 74 54 65 6D 70 41 00 01 02 41 08 4C 6F
 61 64 54 69 6D 65 41 11 32 30 31 38 31 32 31 31 30 32 30 30
 30 32 35 38 37 41 11 32 30 31 38 31 32 31 31 30 32 30 30 30
 32 35 38 37 41 04 4C 4F 41 44 41 06 34 39 35 33 31 31 41 0B
 4C 6F 74 20 52 75 6E 6E 69 6E 67 41 10 32 30 31 38 31 32 31
 31 30 32 30 30 30 32 36 31
11-Dec-2018 02:00:02.619 Received expected secondary SECS message, system byte = 9404, device ID 10
S99F100
<L
	<I4 211>
	<U4 0>
	<A "2DSRT-02">
	<A "9HI3437">
	<A "2DSRT-02_2018-12-11_02:00:02.587_547">
	<L
		<L
			<A "KeyID">
			<A "2DSRT-02_2018-12-11_02:00:02.587_547">
		>
		<L
			<A "LotID">
			<A "9HI3437">
		>
		<L
			<A "Device">
			<A "9710AB97">
		>
		<L
			<A "Package">
			<A "BL2">
		>
		<L
			<A "Leads">
			<A "409">
		>
		<L
			<A "Opn">
			<A "DG5530GDA87IECAMDA">
		>
		<L
			<A "TestCode">
			<A>
		>
		<L
			<A "UnloadTime">
			<A>
		>
		<L
			<A "Rescreen">
			<A>
		>
		<L
			<A "Remarks">
			<A "Lot Start">
		>
		<L
			<A "TestProgram">
			<A "_">
		>
		<L
			<A "Operation">
			<A "8010">
		>
		<L
			<A "Qty">
			<A "667">
		>
		<L
			<A "TestTemp">
			<A>
		>
		<L
			<A "LoadTime">
			<A "20181211020002587">
		>
	>
	<A "20181211020002587">
	<A "LOAD">
	<A "495311">
	<A "Lot Running">
	<A "2018121102000261">
>.

11-Dec-2018 04:49:34.273 Preparing to send SECS II message - 
S99F99 W
<L
	<I4 211>
	<U4 10001>
	<A "2DSRT-02">
	<A "9HI2821">
	<A "2DSRT-02_2018-12-11_04:49:34.273_592">
	<L
		<L
			<A "KeyID">
			<A "2DSRT-02_2018-12-11_04:49:34.273_592">
		>
		<L
			<A "LotID">
			<A "9HI2821">
		>
		<L
			<A "Device">
			<A "9710ABFF">
		>
		<L
			<A "Package">
			<A "BL2">
		>
		<L
			<A "Leads">
			<A "409">
		>
		<L
			<A "Opn">
			<A "DG5530GDA87IECAMDA">
		>
		<L
			<A "TestCode">
			<A>
		>
		<L
			<A "UnloadTime">
			<A>
		>
		<L
			<A "Rescreen">
			<A>
		>
		<L
			<A "Remarks">
			<A "Lot Start">
		>
		<L
			<A "TestProgram">
			<A "_">
		>
		<L
			<A "Operation">
			<A "8010">
		>
		<L
			<A "Qty">
			<A "656">
		>
		<L
			<A "TestTemp">
			<A>
		>
		<L
			<A "LoadTime">
			<A "20181211044934273">
		>
	>
	<A "20181211044934273">
	<A "LOAD">
	<A "495311">
	<A "Lot Running">
>.

11-Dec-2018 04:49:34.273 HSMS length sent
 00 00 01 AF
11-Dec-2018 04:49:34.273 HSMS message sent
 00 0A E3 63 00 00 00 00 24 BD 01 0A 71 04 00 00 00 D3 B1 04
 00 00 27 11 41 08 32 44 53 52 54 2D 30 32 41 07 39 48 49 32
 38 32 31 41 24 32 44 53 52 54 2D 30 32 5F 32 30 31 38 2D 31
 32 2D 31 31 5F 30 34 3A 34 39 3A 33 34 2E 32 37 33 5F 35 39
 32 01 0F 01 02 41 05 4B 65 79 49 44 41 24 32 44 53 52 54 2D
 30 32 5F 32 30 31 38 2D 31 32 2D 31 31 5F 30 34 3A 34 39 3A
 33 34 2E 32 37 33 5F 35 39 32 01 02 41 05 4C 6F 74 49 44 41
 07 39 48 49 32 38 32 31 01 02 41 06 44 65 76 69 63 65 41 08
 39 37 31 30 41 42 46 46 01 02 41 07 50 61 63 6B 61 67 65 41
 03 42 4C 32 01 02 41 05 4C 65 61 64 73 41 03 34 30 39 01 02
 41 03 4F 70 6E 41 12 44 47 35 35 33 30 47 44 41 38 37 49 45
 43 41 4D 44 41 01 02 41 08 54 65 73 74 43 6F 64 65 41 00 01
 02 41 0A 55 6E 6C 6F 61 64 54 69 6D 65 41 00 01 02 41 08 52
 65 73 63 72 65 65 6E 41 00 01 02 41 07 52 65 6D 61 72 6B 73
 41 09 4C 6F 74 20 53 74 61 72 74 01 02 41 0B 54 65 73 74 50
 72 6F 67 72 61 6D 41 01 5F 01 02 41 09 4F 70 65 72 61 74 69
 6F 6E 41 04 38 30 31 30 01 02 41 03 51 74 79 41 03 36 35 36
 01 02 41 08 54 65 73 74 54 65 6D 70 41 00 01 02 41 08 4C 6F
 61 64 54 69 6D 65 41 11 32 30 31 38 31 32 31 31 30 34 34 39
 33 34 32 37 33 41 11 32 30 31 38 31 32 31 31 30 34 34 39 33
 34 32 37 33 41 04 4C 4F 41 44 41 06 34 39 35 33 31 31 41 0B
 4C 6F 74 20 52 75 6E 6E 69 6E 67
11-Dec-2018 04:49:34.273 SECS message sent, system byte = 9405, device id = 10
11-Dec-2018 04:49:34.305 Received block (4 bytes)
 00 00 01 C1
11-Dec-2018 04:49:34.305 Received message length = 449
11-Dec-2018 04:49:34.305 Received block (449 bytes)
 00 0A 63 64 00 00 00 00 24 BD 01 0B 71 04 00 00 00 D3 B1 04
 00 00 00 00 41 08 32 44 53 52 54 2D 30 32 41 07 39 48 49 32
 38 32 31 41 24 32 44 53 52 54 2D 30 32 5F 32 30 31 38 2D 31
 32 2D 31 31 5F 30 34 3A 34 39 3A 33 34 2E 32 37 33 5F 35 39
 32 01 0F 01 02 41 05 4B 65 79 49 44 41 24 32 44 53 52 54 2D
 30 32 5F 32 30 31 38 2D 31 32 2D 31 31 5F 30 34 3A 34 39 3A
 33 34 2E 32 37 33 5F 35 39 32 01 02 41 05 4C 6F 74 49 44 41
 07 39 48 49 32 38 32 31 01 02 41 06 44 65 76 69 63 65 41 08
 39 37 31 30 41 42 46 46 01 02 41 07 50 61 63 6B 61 67 65 41
 03 42 4C 32 01 02 41 05 4C 65 61 64 73 41 03 34 30 39 01 02
 41 03 4F 70 6E 41 12 44 47 35 35 33 30 47 44 41 38 37 49 45
 43 41 4D 44 41 01 02 41 08 54 65 73 74 43 6F 64 65 41 00 01
 02 41 0A 55 6E 6C 6F 61 64 54 69 6D 65 41 00 01 02 41 08 52
 65 73 63 72 65 65 6E 41 00 01 02 41 07 52 65 6D 61 72 6B 73
 41 09 4C 6F 74 20 53 74 61 72 74 01 02 41 0B 54 65 73 74 50
 72 6F 67 72 61 6D 41 01 5F 01 02 41 09 4F 70 65 72 61 74 69
 6F 6E 41 04 38 30 31 30 01 02 41 03 51 74 79 41 03 36 35 36
 01 02 41 08 54 65 73 74 54 65 6D 70 41 00 01 02 41 08 4C 6F
 61 64 54 69 6D 65 41 11 32 30 31 38 31 32 31 31 30 34 34 39
 33 34 32 37 33 41 11 32 30 31 38 31 32 31 31 30 34 34 39 33
 34 32 37 33 41 04 4C 4F 41 44 41 06 34 39 35 33 31 31 41 0B
 4C 6F 74 20 52 75 6E 6E 69 6E 67 41 10 32 30 31 38 31 32 31
 31 30 34 34 39 33 34 31 32
11-Dec-2018 04:49:34.305 Received expected secondary SECS message, system byte = 9405, device ID 10
S99F100
<L
	<I4 211>
	<U4 0>
	<A "2DSRT-02">
	<A "9HI2821">
	<A "2DSRT-02_2018-12-11_04:49:34.273_592">
	<L
		<L
			<A "KeyID">
			<A "2DSRT-02_2018-12-11_04:49:34.273_592">
		>
		<L
			<A "LotID">
			<A "9HI2821">
		>
		<L
			<A "Device">
			<A "9710ABFF">
		>
		<L
			<A "Package">
			<A "BL2">
		>
		<L
			<A "Leads">
			<A "409">
		>
		<L
			<A "Opn">
			<A "DG5530GDA87IECAMDA">
		>
		<L
			<A "TestCode">
			<A>
		>
		<L
			<A "UnloadTime">
			<A>
		>
		<L
			<A "Rescreen">
			<A>
		>
		<L
			<A "Remarks">
			<A "Lot Start">
		>
		<L
			<A "TestProgram">
			<A "_">
		>
		<L
			<A "Operation">
			<A "8010">
		>
		<L
			<A "Qty">
			<A "656">
		>
		<L
			<A "TestTemp">
			<A>
		>
		<L
			<A "LoadTime">
			<A "20181211044934273">
		>
	>
	<A "20181211044934273">
	<A "LOAD">
	<A "495311">
	<A "Lot Running">
	<A "2018121104493412">
>.

11-Dec-2018 06:43:37.749 Preparing to send SECS II message - 
S99F99 W
<L
	<I4 211>
	<U4 10001>
	<A "2DSRT-02">
	<A "WK25619">
	<A "2DSRT-02_2018-12-11_06:43:37.749_628">
	<L
		<L
			<A "KeyID">
			<A "2DSRT-02_2018-12-11_06:43:37.749_628">
		>
		<L
			<A "LotID">
			<A "WK25619">
		>
		<L
			<A "Device">
			<A "9100AA33">
		>
		<L
			<A "Package">
			<A "BL1">
		>
		<L
			<A "Leads">
			<A "455">
		>
		<L
			<A "Opn">
			<A "DG1401SNF87IDCALAA">
		>
		<L
			<A "TestCode">
			<A>
		>
		<L
			<A "UnloadTime">
			<A>
		>
		<L
			<A "Rescreen">
			<A>
		>
		<L
			<A "Remarks">
			<A "Lot Start">
		>
		<L
			<A "TestProgram">
			<A "_">
		>
		<L
			<A "Operation">
			<A "8010">
		>
		<L
			<A "Qty">
			<A "767">
		>
		<L
			<A "TestTemp">
			<A>
		>
		<L
			<A "LoadTime">
			<A "20181211064337749">
		>
	>
	<A "20181211064337749">
	<A "LOAD">
	<A "494305">
	<A "Lot Running">
>.

11-Dec-2018 06:43:37.749 HSMS length sent
 00 00 01 AF
11-Dec-2018 06:43:37.749 HSMS message sent
 00 0A E3 63 00 00 00 00 24 BE 01 0A 71 04 00 00 00 D3 B1 04
 00 00 27 11 41 08 32 44 53 52 54 2D 30 32 41 07 57 4B 32 35
 36 31 39 41 24 32 44 53 52 54 2D 30 32 5F 32 30 31 38 2D 31
 32 2D 31 31 5F 30 36 3A 34 33 3A 33 37 2E 37 34 39 5F 36 32
 38 01 0F 01 02 41 05 4B 65 79 49 44 41 24 32 44 53 52 54 2D
 30 32 5F 32 30 31 38 2D 31 32 2D 31 31 5F 30 36 3A 34 33 3A
 33 37 2E 37 34 39 5F 36 32 38 01 02 41 05 4C 6F 74 49 44 41
 07 57 4B 32 35 36 31 39 01 02 41 06 44 65 76 69 63 65 41 08
 39 31 30 30 41 41 33 33 01 02 41 07 50 61 63 6B 61 67 65 41
 03 42 4C 31 01 02 41 05 4C 65 61 64 73 41 03 34 35 35 01 02
 41 03 4F 70 6E 41 12 44 47 31 34 30 31 53 4E 46 38 37 49 44
 43 41 4C 41 41 01 02 41 08 54 65 73 74 43 6F 64 65 41 00 01
 02 41 0A 55 6E 6C 6F 61 64 54 69 6D 65 41 00 01 02 41 08 52
 65 73 63 72 65 65 6E 41 00 01 02 41 07 52 65 6D 61 72 6B 73
 41 09 4C 6F 74 20 53 74 61 72 74 01 02 41 0B 54 65 73 74 50
 72 6F 67 72 61 6D 41 01 5F 01 02 41 09 4F 70 65 72 61 74 69
 6F 6E 41 04 38 30 31 30 01 02 41 03 51 74 79 41 03 37 36 37
 01 02 41 08 54 65 73 74 54 65 6D 70 41 00 01 02 41 08 4C 6F
 61 64 54 69 6D 65 41 11 32 30 31 38 31 32 31 31 30 36 34 33
 33 37 37 34 39 41 11 32 30 31 38 31 32 31 31 30 36 34 33 33
 37 37 34 39 41 04 4C 4F 41 44 41 06 34 39 34 33 30 35 41 0B
 4C 6F 74 20 52 75 6E 6E 69 6E 67
11-Dec-2018 06:43:37.749 SECS message sent, system byte = 9406, device id = 10
11-Dec-2018 06:43:37.780 Received block (4 bytes)
 00 00 01 C1
11-Dec-2018 06:43:37.780 Received message length = 449
11-Dec-2018 06:43:37.780 Received block (449 bytes)
 00 0A 63 64 00 00 00 00 24 BE 01 0B 71 04 00 00 00 D3 B1 04
 00 00 00 00 41 08 32 44 53 52 54 2D 30 32 41 07 57 4B 32 35
 36 31 39 41 24 32 44 53 52 54 2D 30 32 5F 32 30 31 38 2D 31
 32 2D 31 31 5F 30 36 3A 34 33 3A 33 37 2E 37 34 39 5F 36 32
 38 01 0F 01 02 41 05 4B 65 79 49 44 41 24 32 44 53 52 54 2D
 30 32 5F 32 30 31 38 2D 31 32 2D 31 31 5F 30 36 3A 34 33 3A
 33 37 2E 37 34 39 5F 36 32 38 01 02 41 05 4C 6F 74 49 44 41
 07 57 4B 32 35 36 31 39 01 02 41 06 44 65 76 69 63 65 41 08
 39 31 30 30 41 41 33 33 01 02 41 07 50 61 63 6B 61 67 65 41
 03 42 4C 31 01 02 41 05 4C 65 61 64 73 41 03 34 35 35 01 02
 41 03 4F 70 6E 41 12 44 47 31 34 30 31 53 4E 46 38 37 49 44
 43 41 4C 41 41 01 02 41 08 54 65 73 74 43 6F 64 65 41 00 01
 02 41 0A 55 6E 6C 6F 61 64 54 69 6D 65 41 00 01 02 41 08 52
 65 73 63 72 65 65 6E 41 00 01 02 41 07 52 65 6D 61 72 6B 73
 41 09 4C 6F 74 20 53 74 61 72 74 01 02 41 0B 54 65 73 74 50
 72 6F 67 72 61 6D 41 01 5F 01 02 41 09 4F 70 65 72 61 74 69
 6F 6E 41 04 38 30 31 30 01 02 41 03 51 74 79 41 03 37 36 37
 01 02 41 08 54 65 73 74 54 65 6D 70 41 00 01 02 41 08 4C 6F
 61 64 54 69 6D 65 41 11 32 30 31 38 31 32 31 31 30 36 34 33
 33 37 37 34 39 41 11 32 30 31 38 31 32 31 31 30 36 34 33 33
 37 37 34 39 41 04 4C 4F 41 44 41 06 34 39 34 33 30 35 41 0B
 4C 6F 74 20 52 75 6E 6E 69 6E 67 41 10 32 30 31 38 31 32 31
 31 30 36 34 33 33 37 35 35
11-Dec-2018 06:43:37.780 Received expected secondary SECS message, system byte = 9406, device ID 10
S99F100
<L
	<I4 211>
	<U4 0>
	<A "2DSRT-02">
	<A "WK25619">
	<A "2DSRT-02_2018-12-11_06:43:37.749_628">
	<L
		<L
			<A "KeyID">
			<A "2DSRT-02_2018-12-11_06:43:37.749_628">
		>
		<L
			<A "LotID">
			<A "WK25619">
		>
		<L
			<A "Device">
			<A "9100AA33">
		>
		<L
			<A "Package">
			<A "BL1">
		>
		<L
			<A "Leads">
			<A "455">
		>
		<L
			<A "Opn">
			<A "DG1401SNF87IDCALAA">
		>
		<L
			<A "TestCode">
			<A>
		>
		<L
			<A "UnloadTime">
			<A>
		>
		<L
			<A "Rescreen">
			<A>
		>
		<L
			<A "Remarks">
			<A "Lot Start">
		>
		<L
			<A "TestProgram">
			<A "_">
		>
		<L
			<A "Operation">
			<A "8010">
		>
		<L
			<A "Qty">
			<A "767">
		>
		<L
			<A "TestTemp">
			<A>
		>
		<L
			<A "LoadTime">
			<A "20181211064337749">
		>
	>
	<A "20181211064337749">
	<A "LOAD">
	<A "494305">
	<A "Lot Running">
	<A "2018121106433755">
>.

11-Dec-2018 07:30:39.671 Preparing to send SECS II message - 
S99F99 W
<L
	<I4 211>
	<U4 10001>
	<A "2DSRT-02">
	<A "WK25619">
	<A "2DSRT-02_2018-12-11_07:30:39.671_642">
	<L
		<L
			<A "KeyID">
			<A "2DSRT-02_2018-12-11_07:30:39.671_642">
		>
		<L
			<A "LotID">
			<A "WK25619">
		>
		<L
			<A "Device">
			<A "9100AA33">
		>
		<L
			<A "Package">
			<A "BL1">
		>
		<L
			<A "Leads">
			<A "455">
		>
		<L
			<A "Opn">
			<A "DG1401SNF87IDCALAA">
		>
		<L
			<A "TestCode">
			<A>
		>
		<L
			<A "UnloadTime">
			<A>
		>
		<L
			<A "Rescreen">
			<A>
		>
		<L
			<A "Remarks">
			<A "Lot Start">
		>
		<L
			<A "TestProgram">
			<A "_">
		>
		<L
			<A "Operation">
			<A "8010">
		>
		<L
			<A "Qty">
			<A "767">
		>
		<L
			<A "TestTemp">
			<A>
		>
		<L
			<A "LoadTime">
			<A "20181211073039671">
		>
	>
	<A "20181211073039671">
	<A "LOAD">
	<A "494305">
	<A "Lot Running">
>.

11-Dec-2018 07:30:39.671 HSMS length sent
 00 00 01 AF
11-Dec-2018 07:30:39.671 HSMS message sent
 00 0A E3 63 00 00 00 00 24 BF 01 0A 71 04 00 00 00 D3 B1 04
 00 00 27 11 41 08 32 44 53 52 54 2D 30 32 41 07 57 4B 32 35
 36 31 39 41 24 32 44 53 52 54 2D 30 32 5F 32 30 31 38 2D 31
 32 2D 31 31 5F 30 37 3A 33 30 3A 33 39 2E 36 37 31 5F 36 34
 32 01 0F 01 02 41 05 4B 65 79 49 44 41 24 32 44 53 52 54 2D
 30 32 5F 32 30 31 38 2D 31 32 2D 31 31 5F 30 37 3A 33 30 3A
 33 39 2E 36 37 31 5F 36 34 32 01 02 41 05 4C 6F 74 49 44 41
 07 57 4B 32 35 36 31 39 01 02 41 06 44 65 76 69 63 65 41 08
 39 31 30 30 41 41 33 33 01 02 41 07 50 61 63 6B 61 67 65 41
 03 42 4C 31 01 02 41 05 4C 65 61 64 73 41 03 34 35 35 01 02
 41 03 4F 70 6E 41 12 44 47 31 34 30 31 53 4E 46 38 37 49 44
 43 41 4C 41 41 01 02 41 08 54 65 73 74 43 6F 64 65 41 00 01
 02 41 0A 55 6E 6C 6F 61 64 54 69 6D 65 41 00 01 02 41 08 52
 65 73 63 72 65 65 6E 41 00 01 02 41 07 52 65 6D 61 72 6B 73
 41 09 4C 6F 74 20 53 74 61 72 74 01 02 41 0B 54 65 73 74 50
 72 6F 67 72 61 6D 41 01 5F 01 02 41 09 4F 70 65 72 61 74 69
 6F 6E 41 04 38 30 31 30 01 02 41 03 51 74 79 41 03 37 36 37
 01 02 41 08 54 65 73 74 54 65 6D 70 41 00 01 02 41 08 4C 6F
 61 64 54 69 6D 65 41 11 32 30 31 38 31 32 31 31 30 37 33 30
 33 39 36 37 31 41 11 32 30 31 38 31 32 31 31 30 37 33 30 33
 39 36 37 31 41 04 4C 4F 41 44 41 06 34 39 34 33 30 35 41 0B
 4C 6F 74 20 52 75 6E 6E 69 6E 67
11-Dec-2018 07:30:39.671 SECS message sent, system byte = 9407, device id = 10
11-Dec-2018 07:30:39.703 Received block (4 bytes)
 00 00 01 C1
11-Dec-2018 07:30:39.703 Received message length = 449
11-Dec-2018 07:30:39.703 Received block (449 bytes)
 00 0A 63 64 00 00 00 00 24 BF 01 0B 71 04 00 00 00 D3 B1 04
 00 00 00 00 41 08 32 44 53 52 54 2D 30 32 41 07 57 4B 32 35
 36 31 39 41 24 32 44 53 52 54 2D 30 32 5F 32 30 31 38 2D 31
 32 2D 31 31 5F 30 37 3A 33 30 3A 33 39 2E 36 37 31 5F 36 34
 32 01 0F 01 02 41 05 4B 65 79 49 44 41 24 32 44 53 52 54 2D
 30 32 5F 32 30 31 38 2D 31 32 2D 31 31 5F 30 37 3A 33 30 3A
 33 39 2E 36 37 31 5F 36 34 32 01 02 41 05 4C 6F 74 49 44 41
 07 57 4B 32 35 36 31 39 01 02 41 06 44 65 76 69 63 65 41 08
 39 31 30 30 41 41 33 33 01 02 41 07 50 61 63 6B 61 67 65 41
 03 42 4C 31 01 02 41 05 4C 65 61 64 73 41 03 34 35 35 01 02
 41 03 4F 70 6E 41 12 44 47 31 34 30 31 53 4E 46 38 37 49 44
 43 41 4C 41 41 01 02 41 08 54 65 73 74 43 6F 64 65 41 00 01
 02 41 0A 55 6E 6C 6F 61 64 54 69 6D 65 41 00 01 02 41 08 52
 65 73 63 72 65 65 6E 41 00 01 02 41 07 52 65 6D 61 72 6B 73
 41 09 4C 6F 74 20 53 74 61 72 74 01 02 41 0B 54 65 73 74 50
 72 6F 67 72 61 6D 41 01 5F 01 02 41 09 4F 70 65 72 61 74 69
 6F 6E 41 04 38 30 31 30 01 02 41 03 51 74 79 41 03 37 36 37
 01 02 41 08 54 65 73 74 54 65 6D 70 41 00 01 02 41 08 4C 6F
 61 64 54 69 6D 65 41 11 32 30 31 38 31 32 31 31 30 37 33 30
 33 39 36 37 31 41 11 32 30 31 38 31 32 31 31 30 37 33 30 33
 39 36 37 31 41 04 4C 4F 41 44 41 06 34 39 34 33 30 35 41 0B
 4C 6F 74 20 52 75 6E 6E 69 6E 67 41 10 32 30 31 38 31 32 31
 31 30 37 33 30 33 39 34 36
11-Dec-2018 07:30:39.703 Received expected secondary SECS message, system byte = 9407, device ID 10
S99F100
<L
	<I4 211>
	<U4 0>
	<A "2DSRT-02">
	<A "WK25619">
	<A "2DSRT-02_2018-12-11_07:30:39.671_642">
	<L
		<L
			<A "KeyID">
			<A "2DSRT-02_2018-12-11_07:30:39.671_642">
		>
		<L
			<A "LotID">
			<A "WK25619">
		>
		<L
			<A "Device">
			<A "9100AA33">
		>
		<L
			<A "Package">
			<A "BL1">
		>
		<L
			<A "Leads">
			<A "455">
		>
		<L
			<A "Opn">
			<A "DG1401SNF87IDCALAA">
		>
		<L
			<A "TestCode">
			<A>
		>
		<L
			<A "UnloadTime">
			<A>
		>
		<L
			<A "Rescreen">
			<A>
		>
		<L
			<A "Remarks">
			<A "Lot Start">
		>
		<L
			<A "TestProgram">
			<A "_">
		>
		<L
			<A "Operation">
			<A "8010">
		>
		<L
			<A "Qty">
			<A "767">
		>
		<L
			<A "TestTemp">
			<A>
		>
		<L
			<A "LoadTime">
			<A "20181211073039671">
		>
	>
	<A "20181211073039671">
	<A "LOAD">
	<A "494305">
	<A "Lot Running">
	<A "2018121107303946">
>.

