FALSE -- 
FALSE -- 
FALSE -- 
FALSE -- 
FALSE -- 
FALSE -- 
FALSE -- 
FALSE -- 
FALSE -- 
FALSE -- 
FALSE -- 
11-12-2018 07:30:40.873 [TriggerThread|LP1] Unhandled trigger <T_SendInfoOK> at S_WaitLotEnd
                        [] Originated in a script thread of TriggerThread
                        [TriggerThread] 
                        There are 1 parameters
                        (0) Vector [3]
	                        (0) String [1]
		                        (0) LP
	                        (1) String [1]
		                        (0) LP1
	                        (2) String [1]
		                        (0) T_SendInfoOK
                        [AppLog] 
                        There are 6 parameters
                        (0) Literal String [1]
	                        (0) Exception
                        (1) String [1]
	                        (0) TriggerThread|LP1
                        (2) Literal String [1]
	                        (0) Unhandled trigger <
                        (3) String [1]
	                        (0) T_SendInfoOK
                        (4) Literal String [1]
	                        (0) > at 
                        (5) String [1]
	                        (0) S_WaitLotEnd
                        [FormLogString] 
                        There are 6 parameters
                        (0) Indexed variable to String [1]
		                        (0) <DD>-<MM>-<YYYY> <hh>:<mm>:<ss>.<mmm>
                        (1) Local [6]
	                        (0) Literal String [1]
		                        (0) Exception
	                        (1) String [1]
		                        (0) TriggerThread|LP1
	                        (2) Literal String [1]
		                        (0) Unhandled trigger <
	                        (3) String [1]
		                        (0) T_SendInfoOK
	                        (4) Literal String [1]
		                        (0) > at 
	                        (5) String [1]
		                        (0) S_WaitLotEnd
                        (2) Literal I8 [1]
	                        (0) 1
                        (3) String [1]
	                        (0) TriggerThread|LP1
                        (4) String [1]
	                        (0) 11-12-2018 07:30:40.873 [TriggerThread|LP1] Unhandled trigger <T_SendInfoOK> at S_WaitLotEnd
                        (5) Literal I8 [1]
	                        (0) 1

11-12-2018 07:30:40.873 [TriggerThread|LP1] Unhandled trigger <T_SendInfoOK> at S_WaitLotEnd
                        [] Originated in a script thread of TriggerThread
                        [TriggerThread] 
                        There are 1 parameters
                        (0) Vector [3]
	                        (0) String [1]
		                        (0) LP
	                        (1) String [1]
		                        (0) LP1
	                        (2) String [1]
		                        (0) T_SendInfoOK
                        [AppLog] 
                        There are 6 parameters
                        (0) Literal String [1]
	                        (0) Exception
                        (1) String [1]
	                        (0) TriggerThread|LP1
                        (2) Literal String [1]
	                        (0) Unhandled trigger <
                        (3) String [1]
	                        (0) T_SendInfoOK
                        (4) Literal String [1]
	                        (0) > at 
                        (5) String [1]
	                        (0) S_WaitLotEnd
                        [FormLogString] 
                        There are 6 parameters
                        (0) Indexed variable to String [1]
		                        (0) <DD>-<MM>-<YYYY> <hh>:<mm>:<ss>.<mmm>
                        (1) Local [6]
	                        (0) Literal String [1]
		                        (0) Exception
	                        (1) String [1]
		                        (0) TriggerThread|LP1
	                        (2) Literal String [1]
		                        (0) Unhandled trigger <
	                        (3) String [1]
		                        (0) T_SendInfoOK
	                        (4) Literal String [1]
		                        (0) > at 
	                        (5) String [1]
		                        (0) S_WaitLotEnd
                        (2) Literal I8 [1]
	                        (0) 1
                        (3) String [1]
	                        (0) TriggerThread|LP1
                        (4) String [1]
	                        (0) 11-12-2018 07:30:40.873 [TriggerThread|LP1] Unhandled trigger <T_SendInfoOK> at S_WaitLotEnd
                        (5) Literal I8 [1]
	                        (0) 1

11-12-2018 07:30:40.873 [TriggerThread|LP1] Unhandled trigger <T_SendInfoOK> at S_WaitLotEnd
                        [] Originated in a script thread of TriggerThread
                        [TriggerThread] 
                        There are 1 parameters
                        (0) Vector [3]
	                        (0) String [1]
		                        (0) LP
	                        (1) String [1]
		                        (0) LP1
	                        (2) String [1]
		                        (0) T_SendInfoOK
                        [AppLog] 
                        There are 6 parameters
                        (0) Literal String [1]
	                        (0) Exception
                        (1) String [1]
	                        (0) TriggerThread|LP1
                        (2) Literal String [1]
	                        (0) Unhandled trigger <
                        (3) String [1]
	                        (0) T_SendInfoOK
                        (4) Literal String [1]
	                        (0) > at 
                        (5) String [1]
	                        (0) S_WaitLotEnd
                        [FormLogString] 
                        There are 6 parameters
                        (0) Indexed variable to String [1]
		                        (0) <DD>-<MM>-<YYYY> <hh>:<mm>:<ss>.<mmm>
                        (1) Local [6]
	                        (0) Literal String [1]
		                        (0) Exception
	                        (1) String [1]
		                        (0) TriggerThread|LP1
	                        (2) Literal String [1]
		                        (0) Unhandled trigger <
	                        (3) String [1]
		                        (0) T_SendInfoOK
	                        (4) Literal String [1]
		                        (0) > at 
	                        (5) String [1]
		                        (0) S_WaitLotEnd
                        (2) Literal I8 [1]
	                        (0) 1
                        (3) String [1]
	                        (0) TriggerThread|LP1
                        (4) String [1]
	                        (0) 11-12-2018 07:30:40.873 [TriggerThread|LP1] Unhandled trigger <T_SendInfoOK> at S_WaitLotEnd
                        (5) Literal I8 [1]
	                        (0) 1

11-12-2018 07:30:40.873 [TriggerThread|LP1] Unhandled trigger <T_SendInfoOK> at S_WaitLotEnd
                        [] Originated in a script thread of TriggerThread
                        [TriggerThread] 
                        There are 1 parameters
                        (0) Vector [3]
	                        (0) String [1]
		                        (0) LP
	                        (1) String [1]
		                        (0) LP1
	                        (2) String [1]
		                        (0) T_SendInfoOK
                        [AppLog] 
                        There are 6 parameters
                        (0) Literal String [1]
	                        (0) Exception
                        (1) String [1]
	                        (0) TriggerThread|LP1
                        (2) Literal String [1]
	                        (0) Unhandled trigger <
                        (3) String [1]
	                        (0) T_SendInfoOK
                        (4) Literal String [1]
	                        (0) > at 
                        (5) String [1]
	                        (0) S_WaitLotEnd
                        [FormLogString] 
                        There are 6 parameters
                        (0) Indexed variable to String [1]
		                        (0) <DD>-<MM>-<YYYY> <hh>:<mm>:<ss>.<mmm>
                        (1) Local [6]
	                        (0) Literal String [1]
		                        (0) Exception
	                        (1) String [1]
		                        (0) TriggerThread|LP1
	                        (2) Literal String [1]
		                        (0) Unhandled trigger <
	                        (3) String [1]
		                        (0) T_SendInfoOK
	                        (4) Literal String [1]
		                        (0) > at 
	                        (5) String [1]
		                        (0) S_WaitLotEnd
                        (2) Literal I8 [1]
	                        (0) 1
                        (3) String [1]
	                        (0) TriggerThread|LP1
                        (4) String [1]
	                        (0) 11-12-2018 07:30:40.873 [TriggerThread|LP1] Unhandled trigger <T_SendInfoOK> at S_WaitLotEnd
                        (5) Literal I8 [1]
	                        (0) 1

11-12-2018 07:30:40.888 [TriggerThread|LP1] Unhandled trigger <T_SendInfoOK> at S_WaitLotEnd
                        [] Originated in a script thread of TriggerThread
                        [TriggerThread] 
                        There are 1 parameters
                        (0) Vector [3]
	                        (0) String [1]
		                        (0) LP
	                        (1) String [1]
		                        (0) LP1
	                        (2) String [1]
		                        (0) T_SendInfoOK
                        [AppLog] 
                        There are 6 parameters
                        (0) Literal String [1]
	                        (0) Exception
                        (1) String [1]
	                        (0) TriggerThread|LP1
                        (2) Literal String [1]
	                        (0) Unhandled trigger <
                        (3) String [1]
	                        (0) T_SendInfoOK
                        (4) Literal String [1]
	                        (0) > at 
                        (5) String [1]
	                        (0) S_WaitLotEnd
                        [FormLogString] 
                        There are 6 parameters
                        (0) Indexed variable to String [1]
		                        (0) <DD>-<MM>-<YYYY> <hh>:<mm>:<ss>.<mmm>
                        (1) Local [6]
	                        (0) Literal String [1]
		                        (0) Exception
	                        (1) String [1]
		                        (0) TriggerThread|LP1
	                        (2) Literal String [1]
		                        (0) Unhandled trigger <
	                        (3) String [1]
		                        (0) T_SendInfoOK
	                        (4) Literal String [1]
		                        (0) > at 
	                        (5) String [1]
		                        (0) S_WaitLotEnd
                        (2) Literal I8 [1]
	                        (0) 1
                        (3) String [1]
	                        (0) TriggerThread|LP1
                        (4) String [1]
	                        (0) 11-12-2018 07:30:40.888 [TriggerThread|LP1] Unhandled trigger <T_SendInfoOK> at S_WaitLotEnd
                        (5) Literal I8 [1]
	                        (0) 1

11-12-2018 07:30:40.888 [TriggerThread|LP1] Unhandled trigger <T_SendInfoOK> at S_WaitLotEnd
                        [] Originated in a script thread of TriggerThread
                        [TriggerThread] 
                        There are 1 parameters
                        (0) Vector [3]
	                        (0) String [1]
		                        (0) LP
	                        (1) String [1]
		                        (0) LP1
	                        (2) String [1]
		                        (0) T_SendInfoOK
                        [AppLog] 
                        There are 6 parameters
                        (0) Literal String [1]
	                        (0) Exception
                        (1) String [1]
	                        (0) TriggerThread|LP1
                        (2) Literal String [1]
	                        (0) Unhandled trigger <
                        (3) String [1]
	                        (0) T_SendInfoOK
                        (4) Literal String [1]
	                        (0) > at 
                        (5) String [1]
	                        (0) S_WaitLotEnd
                        [FormLogString] 
                        There are 6 parameters
                        (0) Indexed variable to String [1]
		                        (0) <DD>-<MM>-<YYYY> <hh>:<mm>:<ss>.<mmm>
                        (1) Local [6]
	                        (0) Literal String [1]
		                        (0) Exception
	                        (1) String [1]
		                        (0) TriggerThread|LP1
	                        (2) Literal String [1]
		                        (0) Unhandled trigger <
	                        (3) String [1]
		                        (0) T_SendInfoOK
	                        (4) Literal String [1]
		                        (0) > at 
	                        (5) String [1]
		                        (0) S_WaitLotEnd
                        (2) Literal I8 [1]
	                        (0) 1
                        (3) String [1]
	                        (0) TriggerThread|LP1
                        (4) String [1]
	                        (0) 11-12-2018 07:30:40.888 [TriggerThread|LP1] Unhandled trigger <T_SendInfoOK> at S_WaitLotEnd
                        (5) Literal I8 [1]
	                        (0) 1

11-12-2018 07:30:40.888 [TriggerThread|LP1] Unhandled trigger <T_SendInfoOK> at S_WaitLotEnd
                        [] Originated in a script thread of TriggerThread
                        [TriggerThread] 
                        There are 1 parameters
                        (0) Vector [3]
	                        (0) String [1]
		                        (0) LP
	                        (1) String [1]
		                        (0) LP1
	                        (2) String [1]
		                        (0) T_SendInfoOK
                        [AppLog] 
                        There are 6 parameters
                        (0) Literal String [1]
	                        (0) Exception
                        (1) String [1]
	                        (0) TriggerThread|LP1
                        (2) Literal String [1]
	                        (0) Unhandled trigger <
                        (3) String [1]
	                        (0) T_SendInfoOK
                        (4) Literal String [1]
	                        (0) > at 
                        (5) String [1]
	                        (0) S_WaitLotEnd
                        [FormLogString] 
                        There are 6 parameters
                        (0) Indexed variable to String [1]
		                        (0) <DD>-<MM>-<YYYY> <hh>:<mm>:<ss>.<mmm>
                        (1) Local [6]
	                        (0) Literal String [1]
		                        (0) Exception
	                        (1) String [1]
		                        (0) TriggerThread|LP1
	                        (2) Literal String [1]
		                        (0) Unhandled trigger <
	                        (3) String [1]
		                        (0) T_SendInfoOK
	                        (4) Literal String [1]
		                        (0) > at 
	                        (5) String [1]
		                        (0) S_WaitLotEnd
                        (2) Literal I8 [1]
	                        (0) 1
                        (3) String [1]
	                        (0) TriggerThread|LP1
                        (4) String [1]
	                        (0) 11-12-2018 07:30:40.888 [TriggerThread|LP1] Unhandled trigger <T_SendInfoOK> at S_WaitLotEnd
                        (5) Literal I8 [1]
	                        (0) 1

11-12-2018 07:30:40.904 [TriggerThread|LP1] Unhandled trigger <T_SendInfoOK> at S_WaitLotEnd
                        [] Originated in a script thread of TriggerThread
                        [TriggerThread] 
                        There are 1 parameters
                        (0) Vector [3]
	                        (0) String [1]
		                        (0) LP
	                        (1) String [1]
		                        (0) LP1
	                        (2) String [1]
		                        (0) T_SendInfoOK
                        [AppLog] 
                        There are 6 parameters
                        (0) Literal String [1]
	                        (0) Exception
                        (1) String [1]
	                        (0) TriggerThread|LP1
                        (2) Literal String [1]
	                        (0) Unhandled trigger <
                        (3) String [1]
	                        (0) T_SendInfoOK
                        (4) Literal String [1]
	                        (0) > at 
                        (5) String [1]
	                        (0) S_WaitLotEnd
                        [FormLogString] 
                        There are 6 parameters
                        (0) Indexed variable to String [1]
		                        (0) <DD>-<MM>-<YYYY> <hh>:<mm>:<ss>.<mmm>
                        (1) Local [6]
	                        (0) Literal String [1]
		                        (0) Exception
	                        (1) String [1]
		                        (0) TriggerThread|LP1
	                        (2) Literal String [1]
		                        (0) Unhandled trigger <
	                        (3) String [1]
		                        (0) T_SendInfoOK
	                        (4) Literal String [1]
		                        (0) > at 
	                        (5) String [1]
		                        (0) S_WaitLotEnd
                        (2) Literal I8 [1]
	                        (0) 1
                        (3) String [1]
	                        (0) TriggerThread|LP1
                        (4) String [1]
	                        (0) 11-12-2018 07:30:40.904 [TriggerThread|LP1] Unhandled trigger <T_SendInfoOK> at S_WaitLotEnd
                        (5) Literal I8 [1]
	                        (0) 1

11-12-2018 07:30:40.904 [TriggerThread|LP1] Unhandled trigger <T_SendInfoOK> at S_WaitLotEnd
                        [] Originated in a script thread of TriggerThread
                        [TriggerThread] 
                        There are 1 parameters
                        (0) Vector [3]
	                        (0) String [1]
		                        (0) LP
	                        (1) String [1]
		                        (0) LP1
	                        (2) String [1]
		                        (0) T_SendInfoOK
                        [AppLog] 
                        There are 6 parameters
                        (0) Literal String [1]
	                        (0) Exception
                        (1) String [1]
	                        (0) TriggerThread|LP1
                        (2) Literal String [1]
	                        (0) Unhandled trigger <
                        (3) String [1]
	                        (0) T_SendInfoOK
                        (4) Literal String [1]
	                        (0) > at 
                        (5) String [1]
	                        (0) S_WaitLotEnd
                        [FormLogString] 
                        There are 6 parameters
                        (0) Indexed variable to String [1]
		                        (0) <DD>-<MM>-<YYYY> <hh>:<mm>:<ss>.<mmm>
                        (1) Local [6]
	                        (0) Literal String [1]
		                        (0) Exception
	                        (1) String [1]
		                        (0) TriggerThread|LP1
	                        (2) Literal String [1]
		                        (0) Unhandled trigger <
	                        (3) String [1]
		                        (0) T_SendInfoOK
	                        (4) Literal String [1]
		                        (0) > at 
	                        (5) String [1]
		                        (0) S_WaitLotEnd
                        (2) Literal I8 [1]
	                        (0) 1
                        (3) String [1]
	                        (0) TriggerThread|LP1
                        (4) String [1]
	                        (0) 11-12-2018 07:30:40.904 [TriggerThread|LP1] Unhandled trigger <T_SendInfoOK> at S_WaitLotEnd
                        (5) Literal I8 [1]
	                        (0) 1

11-12-2018 07:30:40.904 [TriggerThread|LP1] Unhandled trigger <T_SendInfoOK> at S_WaitLotEnd
                        [] Originated in a script thread of TriggerThread
                        [TriggerThread] 
                        There are 1 parameters
                        (0) Vector [3]
	                        (0) String [1]
		                        (0) LP
	                        (1) String [1]
		                        (0) LP1
	                        (2) String [1]
		                        (0) T_SendInfoOK
                        [AppLog] 
                        There are 6 parameters
                        (0) Literal String [1]
	                        (0) Exception
                        (1) String [1]
	                        (0) TriggerThread|LP1
                        (2) Literal String [1]
	                        (0) Unhandled trigger <
                        (3) String [1]
	                        (0) T_SendInfoOK
                        (4) Literal String [1]
	                        (0) > at 
                        (5) String [1]
	                        (0) S_WaitLotEnd
                        [FormLogString] 
                        There are 6 parameters
                        (0) Indexed variable to String [1]
		                        (0) <DD>-<MM>-<YYYY> <hh>:<mm>:<ss>.<mmm>
                        (1) Local [6]
	                        (0) Literal String [1]
		                        (0) Exception
	                        (1) String [1]
		                        (0) TriggerThread|LP1
	                        (2) Literal String [1]
		                        (0) Unhandled trigger <
	                        (3) String [1]
		                        (0) T_SendInfoOK
	                        (4) Literal String [1]
		                        (0) > at 
	                        (5) String [1]
		                        (0) S_WaitLotEnd
                        (2) Literal I8 [1]
	                        (0) 1
                        (3) String [1]
	                        (0) TriggerThread|LP1
                        (4) String [1]
	                        (0) 11-12-2018 07:30:40.904 [TriggerThread|LP1] Unhandled trigger <T_SendInfoOK> at S_WaitLotEnd
                        (5) Literal I8 [1]
	                        (0) 1

11-12-2018 07:30:40.904 [TriggerThread|LP1] Unhandled trigger <T_SendInfoOK> at S_WaitLotEnd
                        [] Originated in a script thread of TriggerThread
                        [TriggerThread] 
                        There are 1 parameters
                        (0) Vector [3]
	                        (0) String [1]
		                        (0) LP
	                        (1) String [1]
		                        (0) LP1
	                        (2) String [1]
		                        (0) T_SendInfoOK
                        [AppLog] 
                        There are 6 parameters
                        (0) Literal String [1]
	                        (0) Exception
                        (1) String [1]
	                        (0) TriggerThread|LP1
                        (2) Literal String [1]
	                        (0) Unhandled trigger <
                        (3) String [1]
	                        (0) T_SendInfoOK
                        (4) Literal String [1]
	                        (0) > at 
                        (5) String [1]
	                        (0) S_WaitLotEnd
                        [FormLogString] 
                        There are 6 parameters
                        (0) Indexed variable to String [1]
		                        (0) <DD>-<MM>-<YYYY> <hh>:<mm>:<ss>.<mmm>
                        (1) Local [6]
	                        (0) Literal String [1]
		                        (0) Exception
	                        (1) String [1]
		                        (0) TriggerThread|LP1
	                        (2) Literal String [1]
		                        (0) Unhandled trigger <
	                        (3) String [1]
		                        (0) T_SendInfoOK
	                        (4) Literal String [1]
		                        (0) > at 
	                        (5) String [1]
		                        (0) S_WaitLotEnd
                        (2) Literal I8 [1]
	                        (0) 1
                        (3) String [1]
	                        (0) TriggerThread|LP1
                        (4) String [1]
	                        (0) 11-12-2018 07:30:40.904 [TriggerThread|LP1] Unhandled trigger <T_SendInfoOK> at S_WaitLotEnd
                        (5) Literal I8 [1]
	                        (0) 1

11-12-2018 07:30:40.904 [TriggerThread|LP1] Unhandled trigger <T_SendInfoOK> at S_WaitLotEnd
                        [] Originated in a script thread of TriggerThread
                        [TriggerThread] 
                        There are 1 parameters
                        (0) Vector [3]
	                        (0) String [1]
		                        (0) LP
	                        (1) String [1]
		                        (0) LP1
	                        (2) String [1]
		                        (0) T_SendInfoOK
                        [AppLog] 
                        There are 6 parameters
                        (0) Literal String [1]
	                        (0) Exception
                        (1) String [1]
	                        (0) TriggerThread|LP1
                        (2) Literal String [1]
	                        (0) Unhandled trigger <
                        (3) String [1]
	                        (0) T_SendInfoOK
                        (4) Literal String [1]
	                        (0) > at 
                        (5) String [1]
	                        (0) S_WaitLotEnd
                        [FormLogString] 
                        There are 6 parameters
                        (0) Indexed variable to String [1]
		                        (0) <DD>-<MM>-<YYYY> <hh>:<mm>:<ss>.<mmm>
                        (1) Local [6]
	                        (0) Literal String [1]
		                        (0) Exception
	                        (1) String [1]
		                        (0) TriggerThread|LP1
	                        (2) Literal String [1]
		                        (0) Unhandled trigger <
	                        (3) String [1]
		                        (0) T_SendInfoOK
	                        (4) Literal String [1]
		                        (0) > at 
	                        (5) String [1]
		                        (0) S_WaitLotEnd
                        (2) Literal I8 [1]
	                        (0) 1
                        (3) String [1]
	                        (0) TriggerThread|LP1
                        (4) String [1]
	                        (0) 11-12-2018 07:30:40.904 [TriggerThread|LP1] Unhandled trigger <T_SendInfoOK> at S_WaitLotEnd
                        (5) Literal I8 [1]
	                        (0) 1

11-12-2018 07:30:40.919 [TriggerThread|LP1] Unhandled trigger <T_SendInfoOK> at S_WaitLotEnd
                        [] Originated in a script thread of TriggerThread
                        [TriggerThread] 
                        There are 1 parameters
                        (0) Vector [3]
	                        (0) String [1]
		                        (0) LP
	                        (1) String [1]
		                        (0) LP1
	                        (2) String [1]
		                        (0) T_SendInfoOK
                        [AppLog] 
                        There are 6 parameters
                        (0) Literal String [1]
	                        (0) Exception
                        (1) String [1]
	                        (0) TriggerThread|LP1
                        (2) Literal String [1]
	                        (0) Unhandled trigger <
                        (3) String [1]
	                        (0) T_SendInfoOK
                        (4) Literal String [1]
	                        (0) > at 
                        (5) String [1]
	                        (0) S_WaitLotEnd
                        [FormLogString] 
                        There are 6 parameters
                        (0) Indexed variable to String [1]
		                        (0) <DD>-<MM>-<YYYY> <hh>:<mm>:<ss>.<mmm>
                        (1) Local [6]
	                        (0) Literal String [1]
		                        (0) Exception
	                        (1) String [1]
		                        (0) TriggerThread|LP1
	                        (2) Literal String [1]
		                        (0) Unhandled trigger <
	                        (3) String [1]
		                        (0) T_SendInfoOK
	                        (4) Literal String [1]
		                        (0) > at 
	                        (5) String [1]
		                        (0) S_WaitLotEnd
                        (2) Literal I8 [1]
	                        (0) 1
                        (3) String [1]
	                        (0) TriggerThread|LP1
                        (4) String [1]
	                        (0) 11-12-2018 07:30:40.919 [TriggerThread|LP1] Unhandled trigger <T_SendInfoOK> at S_WaitLotEnd
                        (5) Literal I8 [1]
	                        (0) 1

11-12-2018 07:30:40.919 [TriggerThread|LP1] Unhandled trigger <T_SendInfoOK> at S_WaitLotEnd
                        [] Originated in a script thread of TriggerThread
                        [TriggerThread] 
                        There are 1 parameters
                        (0) Vector [3]
	                        (0) String [1]
		                        (0) LP
	                        (1) String [1]
		                        (0) LP1
	                        (2) String [1]
		                        (0) T_SendInfoOK
                        [AppLog] 
                        There are 6 parameters
                        (0) Literal String [1]
	                        (0) Exception
                        (1) String [1]
	                        (0) TriggerThread|LP1
                        (2) Literal String [1]
	                        (0) Unhandled trigger <
                        (3) String [1]
	                        (0) T_SendInfoOK
                        (4) Literal String [1]
	                        (0) > at 
                        (5) String [1]
	                        (0) S_WaitLotEnd
                        [FormLogString] 
                        There are 6 parameters
                        (0) Indexed variable to String [1]
		                        (0) <DD>-<MM>-<YYYY> <hh>:<mm>:<ss>.<mmm>
                        (1) Local [6]
	                        (0) Literal String [1]
		                        (0) Exception
	                        (1) String [1]
		                        (0) TriggerThread|LP1
	                        (2) Literal String [1]
		                        (0) Unhandled trigger <
	                        (3) String [1]
		                        (0) T_SendInfoOK
	                        (4) Literal String [1]
		                        (0) > at 
	                        (5) String [1]
		                        (0) S_WaitLotEnd
                        (2) Literal I8 [1]
	                        (0) 1
                        (3) String [1]
	                        (0) TriggerThread|LP1
                        (4) String [1]
	                        (0) 11-12-2018 07:30:40.919 [TriggerThread|LP1] Unhandled trigger <T_SendInfoOK> at S_WaitLotEnd
                        (5) Literal I8 [1]
	                        (0) 1

11-12-2018 07:30:40.919 [TriggerThread|LP1] Unhandled trigger <T_SendInfoOK> at S_WaitLotEnd
                        [] Originated in a script thread of TriggerThread
                        [TriggerThread] 
                        There are 1 parameters
                        (0) Vector [3]
	                        (0) String [1]
		                        (0) LP
	                        (1) String [1]
		                        (0) LP1
	                        (2) String [1]
		                        (0) T_SendInfoOK
                        [AppLog] 
                        There are 6 parameters
                        (0) Literal String [1]
	                        (0) Exception
                        (1) String [1]
	                        (0) TriggerThread|LP1
                        (2) Literal String [1]
	                        (0) Unhandled trigger <
                        (3) String [1]
	                        (0) T_SendInfoOK
                        (4) Literal String [1]
	                        (0) > at 
                        (5) String [1]
	                        (0) S_WaitLotEnd
                        [FormLogString] 
                        There are 6 parameters
                        (0) Indexed variable to String [1]
		                        (0) <DD>-<MM>-<YYYY> <hh>:<mm>:<ss>.<mmm>
                        (1) Local [6]
	                        (0) Literal String [1]
		                        (0) Exception
	                        (1) String [1]
		                        (0) TriggerThread|LP1
	                        (2) Literal String [1]
		                        (0) Unhandled trigger <
	                        (3) String [1]
		                        (0) T_SendInfoOK
	                        (4) Literal String [1]
		                        (0) > at 
	                        (5) String [1]
		                        (0) S_WaitLotEnd
                        (2) Literal I8 [1]
	                        (0) 1
                        (3) String [1]
	                        (0) TriggerThread|LP1
                        (4) String [1]
	                        (0) 11-12-2018 07:30:40.919 [TriggerThread|LP1] Unhandled trigger <T_SendInfoOK> at S_WaitLotEnd
                        (5) Literal I8 [1]
	                        (0) 1

11-12-2018 07:30:40.935 [TriggerThread|LP1] Unhandled trigger <T_SendInfoOK> at S_WaitLotEnd
                        [] Originated in a script thread of TriggerThread
                        [TriggerThread] 
                        There are 1 parameters
                        (0) Vector [3]
	                        (0) String [1]
		                        (0) LP
	                        (1) String [1]
		                        (0) LP1
	                        (2) String [1]
		                        (0) T_SendInfoOK
                        [AppLog] 
                        There are 6 parameters
                        (0) Literal String [1]
	                        (0) Exception
                        (1) String [1]
	                        (0) TriggerThread|LP1
                        (2) Literal String [1]
	                        (0) Unhandled trigger <
                        (3) String [1]
	                        (0) T_SendInfoOK
                        (4) Literal String [1]
	                        (0) > at 
                        (5) String [1]
	                        (0) S_WaitLotEnd
                        [FormLogString] 
                        There are 6 parameters
                        (0) Indexed variable to String [1]
		                        (0) <DD>-<MM>-<YYYY> <hh>:<mm>:<ss>.<mmm>
                        (1) Local [6]
	                        (0) Literal String [1]
		                        (0) Exception
	                        (1) String [1]
		                        (0) TriggerThread|LP1
	                        (2) Literal String [1]
		                        (0) Unhandled trigger <
	                        (3) String [1]
		                        (0) T_SendInfoOK
	                        (4) Literal String [1]
		                        (0) > at 
	                        (5) String [1]
		                        (0) S_WaitLotEnd
                        (2) Literal I8 [1]
	                        (0) 1
                        (3) String [1]
	                        (0) TriggerThread|LP1
                        (4) String [1]
	                        (0) 11-12-2018 07:30:40.935 [TriggerThread|LP1] Unhandled trigger <T_SendInfoOK> at S_WaitLotEnd
                        (5) Literal I8 [1]
	                        (0) 1

FALSE -- 
