11-Dec-2018 00:24:36.577 Preparing to send SECS II message - 
S99F99 W
<L
	<I4 211>
	<U4 10001>
	<A "2DSRT-02">
	<A "9HI3700">
	<A "2DSRT-02_2018-12-11_00:24:36.577_496">
	<L
		<L
			<A "KeyID">
			<A "2DSRT-02_2018-12-11_00:24:36.577_496">
		>
		<L
			<A "LotID">
			<A "9HI3700">
		>
		<L
			<A "Device">
			<A "5900AB68">
		>
		<L
			<A "Package">
			<A "BOL">
		>
		<L
			<A "Leads">
			<A "769">
		>
		<L
			<A "Opn">
			<A "AM912CANN23ACCWABA">
		>
		<L
			<A "TestCode">
			<A>
		>
		<L
			<A "UnloadTime">
			<A>
		>
		<L
			<A "Rescreen">
			<A>
		>
		<L
			<A "Remarks">
			<A "Lot Start">
		>
		<L
			<A "TestProgram">
			<A "_">
		>
		<L
			<A "Operation">
			<A "8010">
		>
		<L
			<A "Qty">
			<A "1218">
		>
		<L
			<A "TestTemp">
			<A>
		>
		<L
			<A "LoadTime">
			<A "20181211002436577">
		>
	>
	<A "20181211002436577">
	<A "LOAD">
	<A "495311">
	<A "Lot Running">
>.

11-Dec-2018 00:24:36.593 HSMS length sent
 00 00 01 B0
11-Dec-2018 00:24:36.593 HSMS message sent
 00 0A E3 63 00 00 00 00 21 F9 01 0A 71 04 00 00 00 D3 B1 04
 00 00 27 11 41 08 32 44 53 52 54 2D 30 32 41 07 39 48 49 33
 37 30 30 41 24 32 44 53 52 54 2D 30 32 5F 32 30 31 38 2D 31
 32 2D 31 31 5F 30 30 3A 32 34 3A 33 36 2E 35 37 37 5F 34 39
 36 01 0F 01 02 41 05 4B 65 79 49 44 41 24 32 44 53 52 54 2D
 30 32 5F 32 30 31 38 2D 31 32 2D 31 31 5F 30 30 3A 32 34 3A
 33 36 2E 35 37 37 5F 34 39 36 01 02 41 05 4C 6F 74 49 44 41
 07 39 48 49 33 37 30 30 01 02 41 06 44 65 76 69 63 65 41 08
 35 39 30 30 41 42 36 38 01 02 41 07 50 61 63 6B 61 67 65 41
 03 42 4F 4C 01 02 41 05 4C 65 61 64 73 41 03 37 36 39 01 02
 41 03 4F 70 6E 41 12 41 4D 39 31 32 43 41 4E 4E 32 33 41 43
 43 57 41 42 41 01 02 41 08 54 65 73 74 43 6F 64 65 41 00 01
 02 41 0A 55 6E 6C 6F 61 64 54 69 6D 65 41 00 01 02 41 08 52
 65 73 63 72 65 65 6E 41 00 01 02 41 07 52 65 6D 61 72 6B 73
 41 09 4C 6F 74 20 53 74 61 72 74 01 02 41 0B 54 65 73 74 50
 72 6F 67 72 61 6D 41 01 5F 01 02 41 09 4F 70 65 72 61 74 69
 6F 6E 41 04 38 30 31 30 01 02 41 03 51 74 79 41 04 31 32 31
 38 01 02 41 08 54 65 73 74 54 65 6D 70 41 00 01 02 41 08 4C
 6F 61 64 54 69 6D 65 41 11 32 30 31 38 31 32 31 31 30 30 32
 34 33 36 35 37 37 41 11 32 30 31 38 31 32 31 31 30 30 32 34
 33 36 35 37 37 41 04 4C 4F 41 44 41 06 34 39 35 33 31 31 41
 0B 4C 6F 74 20 52 75 6E 6E 69 6E 67
11-Dec-2018 00:24:36.593 SECS message sent, system byte = 8697, device id = 10
11-Dec-2018 00:24:36.624 Received block (4 bytes)
 00 00 01 C2
11-Dec-2018 00:24:36.624 Received message length = 450
11-Dec-2018 00:24:36.624 Received block (450 bytes)
 00 0A 63 64 00 00 00 00 21 F9 01 0B 71 04 00 00 00 D3 B1 04
 00 00 00 00 41 08 32 44 53 52 54 2D 30 32 41 07 39 48 49 33
 37 30 30 41 24 32 44 53 52 54 2D 30 32 5F 32 30 31 38 2D 31
 32 2D 31 31 5F 30 30 3A 32 34 3A 33 36 2E 35 37 37 5F 34 39
 36 01 0F 01 02 41 05 4B 65 79 49 44 41 24 32 44 53 52 54 2D
 30 32 5F 32 30 31 38 2D 31 32 2D 31 31 5F 30 30 3A 32 34 3A
 33 36 2E 35 37 37 5F 34 39 36 01 02 41 05 4C 6F 74 49 44 41
 07 39 48 49 33 37 30 30 01 02 41 06 44 65 76 69 63 65 41 08
 35 39 30 30 41 42 36 38 01 02 41 07 50 61 63 6B 61 67 65 41
 03 42 4F 4C 01 02 41 05 4C 65 61 64 73 41 03 37 36 39 01 02
 41 03 4F 70 6E 41 12 41 4D 39 31 32 43 41 4E 4E 32 33 41 43
 43 57 41 42 41 01 02 41 08 54 65 73 74 43 6F 64 65 41 00 01
 02 41 0A 55 6E 6C 6F 61 64 54 69 6D 65 41 00 01 02 41 08 52
 65 73 63 72 65 65 6E 41 00 01 02 41 07 52 65 6D 61 72 6B 73
 41 09 4C 6F 74 20 53 74 61 72 74 01 02 41 0B 54 65 73 74 50
 72 6F 67 72 61 6D 41 01 5F 01 02 41 09 4F 70 65 72 61 74 69
 6F 6E 41 04 38 30 31 30 01 02 41 03 51 74 79 41 04 31 32 31
 38 01 02 41 08 54 65 73 74 54 65 6D 70 41 00 01 02 41 08 4C
 6F 61 64 54 69 6D 65 41 11 32 30 31 38 31 32 31 31 30 30 32
 34 33 36 35 37 37 41 11 32 30 31 38 31 32 31 31 30 30 32 34
 33 36 35 37 37 41 04 4C 4F 41 44 41 06 34 39 35 33 31 31 41
 0B 4C 6F 74 20 52 75 6E 6E 69 6E 67 41 10 32 30 31 38 31 32
 31 31 30 30 32 34 33 36 37 34
11-Dec-2018 00:24:36.624 Received expected secondary SECS message, system byte = 8697, device ID 10
S99F100
<L
	<I4 211>
	<U4 0>
	<A "2DSRT-02">
	<A "9HI3700">
	<A "2DSRT-02_2018-12-11_00:24:36.577_496">
	<L
		<L
			<A "KeyID">
			<A "2DSRT-02_2018-12-11_00:24:36.577_496">
		>
		<L
			<A "LotID">
			<A "9HI3700">
		>
		<L
			<A "Device">
			<A "5900AB68">
		>
		<L
			<A "Package">
			<A "BOL">
		>
		<L
			<A "Leads">
			<A "769">
		>
		<L
			<A "Opn">
			<A "AM912CANN23ACCWABA">
		>
		<L
			<A "TestCode">
			<A>
		>
		<L
			<A "UnloadTime">
			<A>
		>
		<L
			<A "Rescreen">
			<A>
		>
		<L
			<A "Remarks">
			<A "Lot Start">
		>
		<L
			<A "TestProgram">
			<A "_">
		>
		<L
			<A "Operation">
			<A "8010">
		>
		<L
			<A "Qty">
			<A "1218">
		>
		<L
			<A "TestTemp">
			<A>
		>
		<L
			<A "LoadTime">
			<A "20181211002436577">
		>
	>
	<A "20181211002436577">
	<A "LOAD">
	<A "495311">
	<A "Lot Running">
	<A "2018121100243674">
>.

11-Dec-2018 01:16:05.429 Preparing to send SECS II message - 
S99F99 W
<L
	<I4 211>
	<U4 10001>
	<A "2DSRT-02">
	<A "WK32561">
	<A "2DSRT-02_2018-12-11_01:16:05.429_530">
	<L
		<L
			<A "KeyID">
			<A "2DSRT-02_2018-12-11_01:16:05.429_530">
		>
		<L
			<A "LotID">
			<A "WK32561">
		>
		<L
			<A "Device">
			<A "9100AA33">
		>
		<L
			<A "Package">
			<A "BL1">
		>
		<L
			<A "Leads">
			<A "455">
		>
		<L
			<A "Opn">
			<A "DG1401SNF87IDCALAA">
		>
		<L
			<A "TestCode">
			<A>
		>
		<L
			<A "UnloadTime">
			<A>
		>
		<L
			<A "Rescreen">
			<A>
		>
		<L
			<A "Remarks">
			<A "Lot Start">
		>
		<L
			<A "TestProgram">
			<A "_">
		>
		<L
			<A "Operation">
			<A "8010">
		>
		<L
			<A "Qty">
			<A "734">
		>
		<L
			<A "TestTemp">
			<A>
		>
		<L
			<A "LoadTime">
			<A "20181211011605429">
		>
	>
	<A "20181211011605429">
	<A "LOAD">
	<A "495311">
	<A "Lot Running">
>.

11-Dec-2018 01:16:05.429 HSMS length sent
 00 00 01 AF
11-Dec-2018 01:16:05.429 HSMS message sent
 00 0A E3 63 00 00 00 00 21 FA 01 0A 71 04 00 00 00 D3 B1 04
 00 00 27 11 41 08 32 44 53 52 54 2D 30 32 41 07 57 4B 33 32
 35 36 31 41 24 32 44 53 52 54 2D 30 32 5F 32 30 31 38 2D 31
 32 2D 31 31 5F 30 31 3A 31 36 3A 30 35 2E 34 32 39 5F 35 33
 30 01 0F 01 02 41 05 4B 65 79 49 44 41 24 32 44 53 52 54 2D
 30 32 5F 32 30 31 38 2D 31 32 2D 31 31 5F 30 31 3A 31 36 3A
 30 35 2E 34 32 39 5F 35 33 30 01 02 41 05 4C 6F 74 49 44 41
 07 57 4B 33 32 35 36 31 01 02 41 06 44 65 76 69 63 65 41 08
 39 31 30 30 41 41 33 33 01 02 41 07 50 61 63 6B 61 67 65 41
 03 42 4C 31 01 02 41 05 4C 65 61 64 73 41 03 34 35 35 01 02
 41 03 4F 70 6E 41 12 44 47 31 34 30 31 53 4E 46 38 37 49 44
 43 41 4C 41 41 01 02 41 08 54 65 73 74 43 6F 64 65 41 00 01
 02 41 0A 55 6E 6C 6F 61 64 54 69 6D 65 41 00 01 02 41 08 52
 65 73 63 72 65 65 6E 41 00 01 02 41 07 52 65 6D 61 72 6B 73
 41 09 4C 6F 74 20 53 74 61 72 74 01 02 41 0B 54 65 73 74 50
 72 6F 67 72 61 6D 41 01 5F 01 02 41 09 4F 70 65 72 61 74 69
 6F 6E 41 04 38 30 31 30 01 02 41 03 51 74 79 41 03 37 33 34
 01 02 41 08 54 65 73 74 54 65 6D 70 41 00 01 02 41 08 4C 6F
 61 64 54 69 6D 65 41 11 32 30 31 38 31 32 31 31 30 31 31 36
 30 35 34 32 39 41 11 32 30 31 38 31 32 31 31 30 31 31 36 30
 35 34 32 39 41 04 4C 4F 41 44 41 06 34 39 35 33 31 31 41 0B
 4C 6F 74 20 52 75 6E 6E 69 6E 67
11-Dec-2018 01:16:05.429 SECS message sent, system byte = 8698, device id = 10
11-Dec-2018 01:16:05.460 Received block (4 bytes)
 00 00 01 C1
11-Dec-2018 01:16:05.460 Received message length = 449
11-Dec-2018 01:16:05.460 Received block (449 bytes)
 00 0A 63 64 00 00 00 00 21 FA 01 0B 71 04 00 00 00 D3 B1 04
 00 00 00 00 41 08 32 44 53 52 54 2D 30 32 41 07 57 4B 33 32
 35 36 31 41 24 32 44 53 52 54 2D 30 32 5F 32 30 31 38 2D 31
 32 2D 31 31 5F 30 31 3A 31 36 3A 30 35 2E 34 32 39 5F 35 33
 30 01 0F 01 02 41 05 4B 65 79 49 44 41 24 32 44 53 52 54 2D
 30 32 5F 32 30 31 38 2D 31 32 2D 31 31 5F 30 31 3A 31 36 3A
 30 35 2E 34 32 39 5F 35 33 30 01 02 41 05 4C 6F 74 49 44 41
 07 57 4B 33 32 35 36 31 01 02 41 06 44 65 76 69 63 65 41 08
 39 31 30 30 41 41 33 33 01 02 41 07 50 61 63 6B 61 67 65 41
 03 42 4C 31 01 02 41 05 4C 65 61 64 73 41 03 34 35 35 01 02
 41 03 4F 70 6E 41 12 44 47 31 34 30 31 53 4E 46 38 37 49 44
 43 41 4C 41 41 01 02 41 08 54 65 73 74 43 6F 64 65 41 00 01
 02 41 0A 55 6E 6C 6F 61 64 54 69 6D 65 41 00 01 02 41 08 52
 65 73 63 72 65 65 6E 41 00 01 02 41 07 52 65 6D 61 72 6B 73
 41 09 4C 6F 74 20 53 74 61 72 74 01 02 41 0B 54 65 73 74 50
 72 6F 67 72 61 6D 41 01 5F 01 02 41 09 4F 70 65 72 61 74 69
 6F 6E 41 04 38 30 31 30 01 02 41 03 51 74 79 41 03 37 33 34
 01 02 41 08 54 65 73 74 54 65 6D 70 41 00 01 02 41 08 4C 6F
 61 64 54 69 6D 65 41 11 32 30 31 38 31 32 31 31 30 31 31 36
 30 35 34 32 39 41 11 32 30 31 38 31 32 31 31 30 31 31 36 30
 35 34 32 39 41 04 4C 4F 41 44 41 06 34 39 35 33 31 31 41 0B
 4C 6F 74 20 52 75 6E 6E 69 6E 67 41 10 32 30 31 38 31 32 31
 31 30 31 31 36 30 35 36 30
11-Dec-2018 01:16:05.460 Received expected secondary SECS message, system byte = 8698, device ID 10
S99F100
<L
	<I4 211>
	<U4 0>
	<A "2DSRT-02">
	<A "WK32561">
	<A "2DSRT-02_2018-12-11_01:16:05.429_530">
	<L
		<L
			<A "KeyID">
			<A "2DSRT-02_2018-12-11_01:16:05.429_530">
		>
		<L
			<A "LotID">
			<A "WK32561">
		>
		<L
			<A "Device">
			<A "9100AA33">
		>
		<L
			<A "Package">
			<A "BL1">
		>
		<L
			<A "Leads">
			<A "455">
		>
		<L
			<A "Opn">
			<A "DG1401SNF87IDCALAA">
		>
		<L
			<A "TestCode">
			<A>
		>
		<L
			<A "UnloadTime">
			<A>
		>
		<L
			<A "Rescreen">
			<A>
		>
		<L
			<A "Remarks">
			<A "Lot Start">
		>
		<L
			<A "TestProgram">
			<A "_">
		>
		<L
			<A "Operation">
			<A "8010">
		>
		<L
			<A "Qty">
			<A "734">
		>
		<L
			<A "TestTemp">
			<A>
		>
		<L
			<A "LoadTime">
			<A "20181211011605429">
		>
	>
	<A "20181211011605429">
	<A "LOAD">
	<A "495311">
	<A "Lot Running">
	<A "2018121101160560">
>.

11-Dec-2018 03:58:31.645 Preparing to send SECS II message - 
S99F99 W
<L
	<I4 211>
	<U4 10001>
	<A "2DSRT-02">
	<A "9HI3605">
	<A "2DSRT-02_2018-12-11_03:58:31.645_575">
	<L
		<L
			<A "KeyID">
			<A "2DSRT-02_2018-12-11_03:58:31.645_575">
		>
		<L
			<A "LotID">
			<A "9HI3605">
		>
		<L
			<A "Device">
			<A "5900AB49">
		>
		<L
			<A "Package">
			<A "BOL">
		>
		<L
			<A "Leads">
			<A "769">
		>
		<L
			<A "Opn">
			<A "AM435BAYN23ACCWABA">
		>
		<L
			<A "TestCode">
			<A>
		>
		<L
			<A "UnloadTime">
			<A>
		>
		<L
			<A "Rescreen">
			<A>
		>
		<L
			<A "Remarks">
			<A "Lot Start">
		>
		<L
			<A "TestProgram">
			<A "_">
		>
		<L
			<A "Operation">
			<A "8010">
		>
		<L
			<A "Qty">
			<A "1238">
		>
		<L
			<A "TestTemp">
			<A>
		>
		<L
			<A "LoadTime">
			<A "20181211035831645">
		>
	>
	<A "20181211035831645">
	<A "LOAD">
	<A "495311">
	<A "Lot Running">
>.

11-Dec-2018 03:58:31.645 HSMS length sent
 00 00 01 B0
11-Dec-2018 03:58:31.645 HSMS message sent
 00 0A E3 63 00 00 00 00 21 FB 01 0A 71 04 00 00 00 D3 B1 04
 00 00 27 11 41 08 32 44 53 52 54 2D 30 32 41 07 39 48 49 33
 36 30 35 41 24 32 44 53 52 54 2D 30 32 5F 32 30 31 38 2D 31
 32 2D 31 31 5F 30 33 3A 35 38 3A 33 31 2E 36 34 35 5F 35 37
 35 01 0F 01 02 41 05 4B 65 79 49 44 41 24 32 44 53 52 54 2D
 30 32 5F 32 30 31 38 2D 31 32 2D 31 31 5F 30 33 3A 35 38 3A
 33 31 2E 36 34 35 5F 35 37 35 01 02 41 05 4C 6F 74 49 44 41
 07 39 48 49 33 36 30 35 01 02 41 06 44 65 76 69 63 65 41 08
 35 39 30 30 41 42 34 39 01 02 41 07 50 61 63 6B 61 67 65 41
 03 42 4F 4C 01 02 41 05 4C 65 61 64 73 41 03 37 36 39 01 02
 41 03 4F 70 6E 41 12 41 4D 34 33 35 42 41 59 4E 32 33 41 43
 43 57 41 42 41 01 02 41 08 54 65 73 74 43 6F 64 65 41 00 01
 02 41 0A 55 6E 6C 6F 61 64 54 69 6D 65 41 00 01 02 41 08 52
 65 73 63 72 65 65 6E 41 00 01 02 41 07 52 65 6D 61 72 6B 73
 41 09 4C 6F 74 20 53 74 61 72 74 01 02 41 0B 54 65 73 74 50
 72 6F 67 72 61 6D 41 01 5F 01 02 41 09 4F 70 65 72 61 74 69
 6F 6E 41 04 38 30 31 30 01 02 41 03 51 74 79 41 04 31 32 33
 38 01 02 41 08 54 65 73 74 54 65 6D 70 41 00 01 02 41 08 4C
 6F 61 64 54 69 6D 65 41 11 32 30 31 38 31 32 31 31 30 33 35
 38 33 31 36 34 35 41 11 32 30 31 38 31 32 31 31 30 33 35 38
 33 31 36 34 35 41 04 4C 4F 41 44 41 06 34 39 35 33 31 31 41
 0B 4C 6F 74 20 52 75 6E 6E 69 6E 67
11-Dec-2018 03:58:31.645 SECS message sent, system byte = 8699, device id = 10
11-Dec-2018 03:58:31.660 Received block (4 bytes)
 00 00 01 C2
11-Dec-2018 03:58:31.660 Received message length = 450
11-Dec-2018 03:58:31.660 Received block (450 bytes)
 00 0A 63 64 00 00 00 00 21 FB 01 0B 71 04 00 00 00 D3 B1 04
 00 00 00 00 41 08 32 44 53 52 54 2D 30 32 41 07 39 48 49 33
 36 30 35 41 24 32 44 53 52 54 2D 30 32 5F 32 30 31 38 2D 31
 32 2D 31 31 5F 30 33 3A 35 38 3A 33 31 2E 36 34 35 5F 35 37
 35 01 0F 01 02 41 05 4B 65 79 49 44 41 24 32 44 53 52 54 2D
 30 32 5F 32 30 31 38 2D 31 32 2D 31 31 5F 30 33 3A 35 38 3A
 33 31 2E 36 34 35 5F 35 37 35 01 02 41 05 4C 6F 74 49 44 41
 07 39 48 49 33 36 30 35 01 02 41 06 44 65 76 69 63 65 41 08
 35 39 30 30 41 42 34 39 01 02 41 07 50 61 63 6B 61 67 65 41
 03 42 4F 4C 01 02 41 05 4C 65 61 64 73 41 03 37 36 39 01 02
 41 03 4F 70 6E 41 12 41 4D 34 33 35 42 41 59 4E 32 33 41 43
 43 57 41 42 41 01 02 41 08 54 65 73 74 43 6F 64 65 41 00 01
 02 41 0A 55 6E 6C 6F 61 64 54 69 6D 65 41 00 01 02 41 08 52
 65 73 63 72 65 65 6E 41 00 01 02 41 07 52 65 6D 61 72 6B 73
 41 09 4C 6F 74 20 53 74 61 72 74 01 02 41 0B 54 65 73 74 50
 72 6F 67 72 61 6D 41 01 5F 01 02 41 09 4F 70 65 72 61 74 69
 6F 6E 41 04 38 30 31 30 01 02 41 03 51 74 79 41 04 31 32 33
 38 01 02 41 08 54 65 73 74 54 65 6D 70 41 00 01 02 41 08 4C
 6F 61 64 54 69 6D 65 41 11 32 30 31 38 31 32 31 31 30 33 35
 38 33 31 36 34 35 41 11 32 30 31 38 31 32 31 31 30 33 35 38
 33 31 36 34 35 41 04 4C 4F 41 44 41 06 34 39 35 33 31 31 41
 0B 4C 6F 74 20 52 75 6E 6E 69 6E 67 41 10 32 30 31 38 31 32
 31 31 30 33 35 38 33 31 37 34
11-Dec-2018 03:58:31.660 Received expected secondary SECS message, system byte = 8699, device ID 10
S99F100
<L
	<I4 211>
	<U4 0>
	<A "2DSRT-02">
	<A "9HI3605">
	<A "2DSRT-02_2018-12-11_03:58:31.645_575">
	<L
		<L
			<A "KeyID">
			<A "2DSRT-02_2018-12-11_03:58:31.645_575">
		>
		<L
			<A "LotID">
			<A "9HI3605">
		>
		<L
			<A "Device">
			<A "5900AB49">
		>
		<L
			<A "Package">
			<A "BOL">
		>
		<L
			<A "Leads">
			<A "769">
		>
		<L
			<A "Opn">
			<A "AM435BAYN23ACCWABA">
		>
		<L
			<A "TestCode">
			<A>
		>
		<L
			<A "UnloadTime">
			<A>
		>
		<L
			<A "Rescreen">
			<A>
		>
		<L
			<A "Remarks">
			<A "Lot Start">
		>
		<L
			<A "TestProgram">
			<A "_">
		>
		<L
			<A "Operation">
			<A "8010">
		>
		<L
			<A "Qty">
			<A "1238">
		>
		<L
			<A "TestTemp">
			<A>
		>
		<L
			<A "LoadTime">
			<A "20181211035831645">
		>
	>
	<A "20181211035831645">
	<A "LOAD">
	<A "495311">
	<A "Lot Running">
	<A "2018121103583174">
>.

11-Dec-2018 05:34:14.736 Preparing to send SECS II message - 
S99F99 W
<L
	<I4 211>
	<U4 10001>
	<A "2DSRT-02">
	<A "9HI3658">
	<A "2DSRT-02_2018-12-11_05:34:14.721_598">
	<L
		<L
			<A "KeyID">
			<A "2DSRT-02_2018-12-11_05:34:14.721_598">
		>
		<L
			<A "LotID">
			<A "9HI3658">
		>
		<L
			<A "Device">
			<A "5300ALB5">
		>
		<L
			<A "Package">
			<A "BOS">
		>
		<L
			<A "Leads">
			<A "854">
		>
		<L
			<A "Opn">
			<A "RE427BDGH44JACJAIA">
		>
		<L
			<A "TestCode">
			<A>
		>
		<L
			<A "UnloadTime">
			<A>
		>
		<L
			<A "Rescreen">
			<A>
		>
		<L
			<A "Remarks">
			<A "Lot Start">
		>
		<L
			<A "TestProgram">
			<A "_">
		>
		<L
			<A "Operation">
			<A "8010">
		>
		<L
			<A "Qty">
			<A "718">
		>
		<L
			<A "TestTemp">
			<A>
		>
		<L
			<A "LoadTime">
			<A "20181211053414736">
		>
	>
	<A "20181211053414721">
	<A "LOAD">
	<A "495311">
	<A "Lot Running">
>.

11-Dec-2018 05:34:14.736 HSMS length sent
 00 00 01 AF
11-Dec-2018 05:34:14.736 HSMS message sent
 00 0A E3 63 00 00 00 00 21 FC 01 0A 71 04 00 00 00 D3 B1 04
 00 00 27 11 41 08 32 44 53 52 54 2D 30 32 41 07 39 48 49 33
 36 35 38 41 24 32 44 53 52 54 2D 30 32 5F 32 30 31 38 2D 31
 32 2D 31 31 5F 30 35 3A 33 34 3A 31 34 2E 37 32 31 5F 35 39
 38 01 0F 01 02 41 05 4B 65 79 49 44 41 24 32 44 53 52 54 2D
 30 32 5F 32 30 31 38 2D 31 32 2D 31 31 5F 30 35 3A 33 34 3A
 31 34 2E 37 32 31 5F 35 39 38 01 02 41 05 4C 6F 74 49 44 41
 07 39 48 49 33 36 35 38 01 02 41 06 44 65 76 69 63 65 41 08
 35 33 30 30 41 4C 42 35 01 02 41 07 50 61 63 6B 61 67 65 41
 03 42 4F 53 01 02 41 05 4C 65 61 64 73 41 03 38 35 34 01 02
 41 03 4F 70 6E 41 12 52 45 34 32 37 42 44 47 48 34 34 4A 41
 43 4A 41 49 41 01 02 41 08 54 65 73 74 43 6F 64 65 41 00 01
 02 41 0A 55 6E 6C 6F 61 64 54 69 6D 65 41 00 01 02 41 08 52
 65 73 63 72 65 65 6E 41 00 01 02 41 07 52 65 6D 61 72 6B 73
 41 09 4C 6F 74 20 53 74 61 72 74 01 02 41 0B 54 65 73 74 50
 72 6F 67 72 61 6D 41 01 5F 01 02 41 09 4F 70 65 72 61 74 69
 6F 6E 41 04 38 30 31 30 01 02 41 03 51 74 79 41 03 37 31 38
 01 02 41 08 54 65 73 74 54 65 6D 70 41 00 01 02 41 08 4C 6F
 61 64 54 69 6D 65 41 11 32 30 31 38 31 32 31 31 30 35 33 34
 31 34 37 33 36 41 11 32 30 31 38 31 32 31 31 30 35 33 34 31
 34 37 32 31 41 04 4C 4F 41 44 41 06 34 39 35 33 31 31 41 0B
 4C 6F 74 20 52 75 6E 6E 69 6E 67
11-Dec-2018 05:34:14.736 SECS message sent, system byte = 8700, device id = 10
11-Dec-2018 05:34:14.752 Received block (4 bytes)
 00 00 01 C1
11-Dec-2018 05:34:14.752 Received message length = 449
11-Dec-2018 05:34:14.752 Received block (449 bytes)
 00 0A 63 64 00 00 00 00 21 FC 01 0B 71 04 00 00 00 D3 B1 04
 00 00 00 00 41 08 32 44 53 52 54 2D 30 32 41 07 39 48 49 33
 36 35 38 41 24 32 44 53 52 54 2D 30 32 5F 32 30 31 38 2D 31
 32 2D 31 31 5F 30 35 3A 33 34 3A 31 34 2E 37 32 31 5F 35 39
 38 01 0F 01 02 41 05 4B 65 79 49 44 41 24 32 44 53 52 54 2D
 30 32 5F 32 30 31 38 2D 31 32 2D 31 31 5F 30 35 3A 33 34 3A
 31 34 2E 37 32 31 5F 35 39 38 01 02 41 05 4C 6F 74 49 44 41
 07 39 48 49 33 36 35 38 01 02 41 06 44 65 76 69 63 65 41 08
 35 33 30 30 41 4C 42 35 01 02 41 07 50 61 63 6B 61 67 65 41
 03 42 4F 53 01 02 41 05 4C 65 61 64 73 41 03 38 35 34 01 02
 41 03 4F 70 6E 41 12 52 45 34 32 37 42 44 47 48 34 34 4A 41
 43 4A 41 49 41 01 02 41 08 54 65 73 74 43 6F 64 65 41 00 01
 02 41 0A 55 6E 6C 6F 61 64 54 69 6D 65 41 00 01 02 41 08 52
 65 73 63 72 65 65 6E 41 00 01 02 41 07 52 65 6D 61 72 6B 73
 41 09 4C 6F 74 20 53 74 61 72 74 01 02 41 0B 54 65 73 74 50
 72 6F 67 72 61 6D 41 01 5F 01 02 41 09 4F 70 65 72 61 74 69
 6F 6E 41 04 38 30 31 30 01 02 41 03 51 74 79 41 03 37 31 38
 01 02 41 08 54 65 73 74 54 65 6D 70 41 00 01 02 41 08 4C 6F
 61 64 54 69 6D 65 41 11 32 30 31 38 31 32 31 31 30 35 33 34
 31 34 37 33 36 41 11 32 30 31 38 31 32 31 31 30 35 33 34 31
 34 37 32 31 41 04 4C 4F 41 44 41 06 34 39 35 33 31 31 41 0B
 4C 6F 74 20 52 75 6E 6E 69 6E 67 41 10 32 30 31 38 31 32 31
 31 30 35 33 34 31 34 37 35
11-Dec-2018 05:34:14.752 Received expected secondary SECS message, system byte = 8700, device ID 10
S99F100
<L
	<I4 211>
	<U4 0>
	<A "2DSRT-02">
	<A "9HI3658">
	<A "2DSRT-02_2018-12-11_05:34:14.721_598">
	<L
		<L
			<A "KeyID">
			<A "2DSRT-02_2018-12-11_05:34:14.721_598">
		>
		<L
			<A "LotID">
			<A "9HI3658">
		>
		<L
			<A "Device">
			<A "5300ALB5">
		>
		<L
			<A "Package">
			<A "BOS">
		>
		<L
			<A "Leads">
			<A "854">
		>
		<L
			<A "Opn">
			<A "RE427BDGH44JACJAIA">
		>
		<L
			<A "TestCode">
			<A>
		>
		<L
			<A "UnloadTime">
			<A>
		>
		<L
			<A "Rescreen">
			<A>
		>
		<L
			<A "Remarks">
			<A "Lot Start">
		>
		<L
			<A "TestProgram">
			<A "_">
		>
		<L
			<A "Operation">
			<A "8010">
		>
		<L
			<A "Qty">
			<A "718">
		>
		<L
			<A "TestTemp">
			<A>
		>
		<L
			<A "LoadTime">
			<A "20181211053414736">
		>
	>
	<A "20181211053414721">
	<A "LOAD">
	<A "495311">
	<A "Lot Running">
	<A "2018121105341475">
>.

11-Dec-2018 07:03:28.003 Preparing to send SECS II message - 
S99F99 W
<L
	<I4 211>
	<U4 10001>
	<A "2DSRT-02">
	<A "WK25619">
	<A "2DSRT-02_2018-12-11_07:03:27.988_635">
	<L
		<L
			<A "KeyID">
			<A "2DSRT-02_2018-12-11_07:03:27.988_635">
		>
		<L
			<A "LotID">
			<A "WK25619">
		>
		<L
			<A "Device">
			<A "9100AA33">
		>
		<L
			<A "Package">
			<A "BL1">
		>
		<L
			<A "Leads">
			<A "455">
		>
		<L
			<A "Opn">
			<A "DG1401SNF87IDCALAA">
		>
		<L
			<A "TestCode">
			<A>
		>
		<L
			<A "UnloadTime">
			<A>
		>
		<L
			<A "Rescreen">
			<A>
		>
		<L
			<A "Remarks">
			<A "Lot Start">
		>
		<L
			<A "TestProgram">
			<A "_">
		>
		<L
			<A "Operation">
			<A "8010">
		>
		<L
			<A "Qty">
			<A "767">
		>
		<L
			<A "TestTemp">
			<A>
		>
		<L
			<A "LoadTime">
			<A "20181211070327988">
		>
	>
	<A "20181211070327988">
	<A "LOAD">
	<A "494305">
	<A "Lot Running">
>.

11-Dec-2018 07:03:28.003 HSMS length sent
 00 00 01 AF
11-Dec-2018 07:03:28.003 HSMS message sent
 00 0A E3 63 00 00 00 00 21 FD 01 0A 71 04 00 00 00 D3 B1 04
 00 00 27 11 41 08 32 44 53 52 54 2D 30 32 41 07 57 4B 32 35
 36 31 39 41 24 32 44 53 52 54 2D 30 32 5F 32 30 31 38 2D 31
 32 2D 31 31 5F 30 37 3A 30 33 3A 32 37 2E 39 38 38 5F 36 33
 35 01 0F 01 02 41 05 4B 65 79 49 44 41 24 32 44 53 52 54 2D
 30 32 5F 32 30 31 38 2D 31 32 2D 31 31 5F 30 37 3A 30 33 3A
 32 37 2E 39 38 38 5F 36 33 35 01 02 41 05 4C 6F 74 49 44 41
 07 57 4B 32 35 36 31 39 01 02 41 06 44 65 76 69 63 65 41 08
 39 31 30 30 41 41 33 33 01 02 41 07 50 61 63 6B 61 67 65 41
 03 42 4C 31 01 02 41 05 4C 65 61 64 73 41 03 34 35 35 01 02
 41 03 4F 70 6E 41 12 44 47 31 34 30 31 53 4E 46 38 37 49 44
 43 41 4C 41 41 01 02 41 08 54 65 73 74 43 6F 64 65 41 00 01
 02 41 0A 55 6E 6C 6F 61 64 54 69 6D 65 41 00 01 02 41 08 52
 65 73 63 72 65 65 6E 41 00 01 02 41 07 52 65 6D 61 72 6B 73
 41 09 4C 6F 74 20 53 74 61 72 74 01 02 41 0B 54 65 73 74 50
 72 6F 67 72 61 6D 41 01 5F 01 02 41 09 4F 70 65 72 61 74 69
 6F 6E 41 04 38 30 31 30 01 02 41 03 51 74 79 41 03 37 36 37
 01 02 41 08 54 65 73 74 54 65 6D 70 41 00 01 02 41 08 4C 6F
 61 64 54 69 6D 65 41 11 32 30 31 38 31 32 31 31 30 37 30 33
 32 37 39 38 38 41 11 32 30 31 38 31 32 31 31 30 37 30 33 32
 37 39 38 38 41 04 4C 4F 41 44 41 06 34 39 34 33 30 35 41 0B
 4C 6F 74 20 52 75 6E 6E 69 6E 67
11-Dec-2018 07:03:28.003 SECS message sent, system byte = 8701, device id = 10
11-Dec-2018 07:03:28.034 Received block (4 bytes)
 00 00 01 C1
11-Dec-2018 07:03:28.034 Received message length = 449
11-Dec-2018 07:03:28.034 Received block (449 bytes)
 00 0A 63 64 00 00 00 00 21 FD 01 0B 71 04 00 00 00 D3 B1 04
 00 00 00 00 41 08 32 44 53 52 54 2D 30 32 41 07 57 4B 32 35
 36 31 39 41 24 32 44 53 52 54 2D 30 32 5F 32 30 31 38 2D 31
 32 2D 31 31 5F 30 37 3A 30 33 3A 32 37 2E 39 38 38 5F 36 33
 35 01 0F 01 02 41 05 4B 65 79 49 44 41 24 32 44 53 52 54 2D
 30 32 5F 32 30 31 38 2D 31 32 2D 31 31 5F 30 37 3A 30 33 3A
 32 37 2E 39 38 38 5F 36 33 35 01 02 41 05 4C 6F 74 49 44 41
 07 57 4B 32 35 36 31 39 01 02 41 06 44 65 76 69 63 65 41 08
 39 31 30 30 41 41 33 33 01 02 41 07 50 61 63 6B 61 67 65 41
 03 42 4C 31 01 02 41 05 4C 65 61 64 73 41 03 34 35 35 01 02
 41 03 4F 70 6E 41 12 44 47 31 34 30 31 53 4E 46 38 37 49 44
 43 41 4C 41 41 01 02 41 08 54 65 73 74 43 6F 64 65 41 00 01
 02 41 0A 55 6E 6C 6F 61 64 54 69 6D 65 41 00 01 02 41 08 52
 65 73 63 72 65 65 6E 41 00 01 02 41 07 52 65 6D 61 72 6B 73
 41 09 4C 6F 74 20 53 74 61 72 74 01 02 41 0B 54 65 73 74 50
 72 6F 67 72 61 6D 41 01 5F 01 02 41 09 4F 70 65 72 61 74 69
 6F 6E 41 04 38 30 31 30 01 02 41 03 51 74 79 41 03 37 36 37
 01 02 41 08 54 65 73 74 54 65 6D 70 41 00 01 02 41 08 4C 6F
 61 64 54 69 6D 65 41 11 32 30 31 38 31 32 31 31 30 37 30 33
 32 37 39 38 38 41 11 32 30 31 38 31 32 31 31 30 37 30 33 32
 37 39 38 38 41 04 4C 4F 41 44 41 06 34 39 34 33 30 35 41 0B
 4C 6F 74 20 52 75 6E 6E 69 6E 67 41 10 32 30 31 38 31 32 31
 31 30 37 30 33 32 38 30 36
11-Dec-2018 07:03:28.034 Received expected secondary SECS message, system byte = 8701, device ID 10
S99F100
<L
	<I4 211>
	<U4 0>
	<A "2DSRT-02">
	<A "WK25619">
	<A "2DSRT-02_2018-12-11_07:03:27.988_635">
	<L
		<L
			<A "KeyID">
			<A "2DSRT-02_2018-12-11_07:03:27.988_635">
		>
		<L
			<A "LotID">
			<A "WK25619">
		>
		<L
			<A "Device">
			<A "9100AA33">
		>
		<L
			<A "Package">
			<A "BL1">
		>
		<L
			<A "Leads">
			<A "455">
		>
		<L
			<A "Opn">
			<A "DG1401SNF87IDCALAA">
		>
		<L
			<A "TestCode">
			<A>
		>
		<L
			<A "UnloadTime">
			<A>
		>
		<L
			<A "Rescreen">
			<A>
		>
		<L
			<A "Remarks">
			<A "Lot Start">
		>
		<L
			<A "TestProgram">
			<A "_">
		>
		<L
			<A "Operation">
			<A "8010">
		>
		<L
			<A "Qty">
			<A "767">
		>
		<L
			<A "TestTemp">
			<A>
		>
		<L
			<A "LoadTime">
			<A "20181211070327988">
		>
	>
	<A "20181211070327988">
	<A "LOAD">
	<A "494305">
	<A "Lot Running">
	<A "2018121107032806">
>.

11-Dec-2018 08:12:47.958 Preparing to send SECS II message - 
S99F99 W
<L
	<I4 211>
	<U4 10001>
	<A "2DSRT-02">
	<A "9HI3723">
	<A "2DSRT-02_2018-12-11_08:12:47.958_648">
	<L
		<L
			<A "KeyID">
			<A "2DSRT-02_2018-12-11_08:12:47.958_648">
		>
		<L
			<A "LotID">
			<A "9HI3723">
		>
		<L
			<A "Device">
			<A "5900AB49">
		>
		<L
			<A "Package">
			<A "BOL">
		>
		<L
			<A "Leads">
			<A "769">
		>
		<L
			<A "Opn">
			<A "AM435BAYN23ACCWABA">
		>
		<L
			<A "TestCode">
			<A>
		>
		<L
			<A "UnloadTime">
			<A>
		>
		<L
			<A "Rescreen">
			<A>
		>
		<L
			<A "Remarks">
			<A "Lot Start">
		>
		<L
			<A "TestProgram">
			<A "_">
		>
		<L
			<A "Operation">
			<A "8010">
		>
		<L
			<A "Qty">
			<A "1226">
		>
		<L
			<A "TestTemp">
			<A>
		>
		<L
			<A "LoadTime">
			<A "20181211081247958">
		>
	>
	<A "20181211081247958">
	<A "LOAD">
	<A "494305">
	<A "Lot Running">
>.

11-Dec-2018 08:12:47.958 HSMS length sent
 00 00 01 B0
11-Dec-2018 08:12:47.958 HSMS message sent
 00 0A E3 63 00 00 00 00 21 FE 01 0A 71 04 00 00 00 D3 B1 04
 00 00 27 11 41 08 32 44 53 52 54 2D 30 32 41 07 39 48 49 33
 37 32 33 41 24 32 44 53 52 54 2D 30 32 5F 32 30 31 38 2D 31
 32 2D 31 31 5F 30 38 3A 31 32 3A 34 37 2E 39 35 38 5F 36 34
 38 01 0F 01 02 41 05 4B 65 79 49 44 41 24 32 44 53 52 54 2D
 30 32 5F 32 30 31 38 2D 31 32 2D 31 31 5F 30 38 3A 31 32 3A
 34 37 2E 39 35 38 5F 36 34 38 01 02 41 05 4C 6F 74 49 44 41
 07 39 48 49 33 37 32 33 01 02 41 06 44 65 76 69 63 65 41 08
 35 39 30 30 41 42 34 39 01 02 41 07 50 61 63 6B 61 67 65 41
 03 42 4F 4C 01 02 41 05 4C 65 61 64 73 41 03 37 36 39 01 02
 41 03 4F 70 6E 41 12 41 4D 34 33 35 42 41 59 4E 32 33 41 43
 43 57 41 42 41 01 02 41 08 54 65 73 74 43 6F 64 65 41 00 01
 02 41 0A 55 6E 6C 6F 61 64 54 69 6D 65 41 00 01 02 41 08 52
 65 73 63 72 65 65 6E 41 00 01 02 41 07 52 65 6D 61 72 6B 73
 41 09 4C 6F 74 20 53 74 61 72 74 01 02 41 0B 54 65 73 74 50
 72 6F 67 72 61 6D 41 01 5F 01 02 41 09 4F 70 65 72 61 74 69
 6F 6E 41 04 38 30 31 30 01 02 41 03 51 74 79 41 04 31 32 32
 36 01 02 41 08 54 65 73 74 54 65 6D 70 41 00 01 02 41 08 4C
 6F 61 64 54 69 6D 65 41 11 32 30 31 38 31 32 31 31 30 38 31
 32 34 37 39 35 38 41 11 32 30 31 38 31 32 31 31 30 38 31 32
 34 37 39 35 38 41 04 4C 4F 41 44 41 06 34 39 34 33 30 35 41
 0B 4C 6F 74 20 52 75 6E 6E 69 6E 67
11-Dec-2018 08:12:47.958 SECS message sent, system byte = 8702, device id = 10
11-Dec-2018 08:12:47.989 Received block (4 bytes)
 00 00 01 C2
11-Dec-2018 08:12:47.989 Received message length = 450
11-Dec-2018 08:12:47.989 Received block (450 bytes)
 00 0A 63 64 00 00 00 00 21 FE 01 0B 71 04 00 00 00 D3 B1 04
 00 00 00 00 41 08 32 44 53 52 54 2D 30 32 41 07 39 48 49 33
 37 32 33 41 24 32 44 53 52 54 2D 30 32 5F 32 30 31 38 2D 31
 32 2D 31 31 5F 30 38 3A 31 32 3A 34 37 2E 39 35 38 5F 36 34
 38 01 0F 01 02 41 05 4B 65 79 49 44 41 24 32 44 53 52 54 2D
 30 32 5F 32 30 31 38 2D 31 32 2D 31 31 5F 30 38 3A 31 32 3A
 34 37 2E 39 35 38 5F 36 34 38 01 02 41 05 4C 6F 74 49 44 41
 07 39 48 49 33 37 32 33 01 02 41 06 44 65 76 69 63 65 41 08
 35 39 30 30 41 42 34 39 01 02 41 07 50 61 63 6B 61 67 65 41
 03 42 4F 4C 01 02 41 05 4C 65 61 64 73 41 03 37 36 39 01 02
 41 03 4F 70 6E 41 12 41 4D 34 33 35 42 41 59 4E 32 33 41 43
 43 57 41 42 41 01 02 41 08 54 65 73 74 43 6F 64 65 41 00 01
 02 41 0A 55 6E 6C 6F 61 64 54 69 6D 65 41 00 01 02 41 08 52
 65 73 63 72 65 65 6E 41 00 01 02 41 07 52 65 6D 61 72 6B 73
 41 09 4C 6F 74 20 53 74 61 72 74 01 02 41 0B 54 65 73 74 50
 72 6F 67 72 61 6D 41 01 5F 01 02 41 09 4F 70 65 72 61 74 69
 6F 6E 41 04 38 30 31 30 01 02 41 03 51 74 79 41 04 31 32 32
 36 01 02 41 08 54 65 73 74 54 65 6D 70 41 00 01 02 41 08 4C
 6F 61 64 54 69 6D 65 41 11 32 30 31 38 31 32 31 31 30 38 31
 32 34 37 39 35 38 41 11 32 30 31 38 31 32 31 31 30 38 31 32
 34 37 39 35 38 41 04 4C 4F 41 44 41 06 34 39 34 33 30 35 41
 0B 4C 6F 74 20 52 75 6E 6E 69 6E 67 41 10 32 30 31 38 31 32
 31 31 30 38 31 32 34 38 30 36
11-Dec-2018 08:12:47.989 Received expected secondary SECS message, system byte = 8702, device ID 10
S99F100
<L
	<I4 211>
	<U4 0>
	<A "2DSRT-02">
	<A "9HI3723">
	<A "2DSRT-02_2018-12-11_08:12:47.958_648">
	<L
		<L
			<A "KeyID">
			<A "2DSRT-02_2018-12-11_08:12:47.958_648">
		>
		<L
			<A "LotID">
			<A "9HI3723">
		>
		<L
			<A "Device">
			<A "5900AB49">
		>
		<L
			<A "Package">
			<A "BOL">
		>
		<L
			<A "Leads">
			<A "769">
		>
		<L
			<A "Opn">
			<A "AM435BAYN23ACCWABA">
		>
		<L
			<A "TestCode">
			<A>
		>
		<L
			<A "UnloadTime">
			<A>
		>
		<L
			<A "Rescreen">
			<A>
		>
		<L
			<A "Remarks">
			<A "Lot Start">
		>
		<L
			<A "TestProgram">
			<A "_">
		>
		<L
			<A "Operation">
			<A "8010">
		>
		<L
			<A "Qty">
			<A "1226">
		>
		<L
			<A "TestTemp">
			<A>
		>
		<L
			<A "LoadTime">
			<A "20181211081247958">
		>
	>
	<A "20181211081247958">
	<A "LOAD">
	<A "494305">
	<A "Lot Running">
	<A "2018121108124806">
>.

